
Bookãƒ¢ãƒ‡ãƒ«ã®ãƒ†ã‚¹ãƒˆ
  ãƒãƒªãƒ‡ãƒ¼ã‚·ãƒ§ãƒ³ã®ãƒ†ã‚¹ãƒˆ
    titleã‚«ãƒ©ãƒ 
[32m      ç©ºæ¬„ã§ãªã„ã“ã¨[0m
    bodyã‚«ãƒ©ãƒ 
[32m      ç©ºæ¬„ã§ãªã„ã“ã¨[0m
[32m      200æ–‡å­—ä»¥ä¸‹ã§ã‚ã‚‹ã“ã¨[0m
  ã‚¢ã‚½ã‚·ã‚¨ãƒ¼ã‚·ãƒ§ãƒ³ã®ãƒ†ã‚¹ãƒˆ
    Userãƒ¢ãƒ‡ãƒ«ã¨ã®é–¢ä¿‚
[32m      N:1ã¨ãªã£ã¦ã„ã‚‹[0m

Userãƒ¢ãƒ‡ãƒ«ã®ãƒ†ã‚¹ãƒˆ
  ãƒãƒªãƒ‡ãƒ¼ã‚·ãƒ§ãƒ³ã®ãƒ†ã‚¹ãƒˆ
    nameã‚«ãƒ©ãƒ 
[32m      ç©ºæ¬„ã§ãªã„ã“ã¨[0m
[32m      2æ–‡å­—ä»¥ä¸Šã§ã‚ã‚‹ã“ã¨[0m
[32m      20æ–‡å­—ä»¥ä¸‹ã§ã‚ã‚‹ã“ã¨[0m
    introductionã‚«ãƒ©ãƒ 
[32m      50æ–‡å­—ä»¥ä¸‹ã§ã‚ã‚‹ã“ã¨[0m
  ã‚¢ã‚½ã‚·ã‚¨ãƒ¼ã‚·ãƒ§ãƒ³ã®ãƒ†ã‚¹ãƒˆ
    Bookãƒ¢ãƒ‡ãƒ«ã¨ã®é–¢ä¿‚
[32m      1:Nã¨ãªã£ã¦ã„ã‚‹[0m

æŠ•ç¨¿ã®ãƒ†ã‚¹ãƒˆ
  ã‚µã‚¤ãƒ‰ãƒãƒ¼ã®ãƒ†ã‚¹ãƒˆ
    è¡¨ç¤ºã®ç¢ºèª
[31m      New bookã¨è¡¨ç¤ºã•ã‚Œã‚‹ (FAILED - 1)[0m
[31m      titleãƒ•ã‚©ãƒ¼ãƒ ãŒè¡¨ç¤ºã•ã‚Œã‚‹ (FAILED - 2)[0m
[31m      opinionãƒ•ã‚©ãƒ¼ãƒ ãŒè¡¨ç¤ºã•ã‚Œã‚‹ (FAILED - 3)[0m
[31m      Create Bookãƒœã‚¿ãƒ³ãŒè¡¨ç¤ºã•ã‚Œã‚‹ (FAILED - 4)[0m
[31m      æŠ•ç¨¿ã«æˆåŠŸã™ã‚‹ (FAILED - 5)[0m
[31m      æŠ•ç¨¿ã«å¤±æ•—ã™ã‚‹ (FAILED - 6)[0m
  ç·¨é›†ã®ãƒ†ã‚¹ãƒˆ
    è‡ªåˆ†ã®æŠ•ç¨¿ã®ç·¨é›†ç”»é¢ã¸ã®é·ç§»
[31m      é·ç§»ã§ãã‚‹ (FAILED - 7)[0m
    ä»–äººã®æŠ•ç¨¿ã®ç·¨é›†ç”»é¢ã¸ã®é·ç§»
[31m      é·ç§»ã§ããªã„ (FAILED - 8)[0m
    è¡¨ç¤ºã®ç¢ºèª
[31m      Editing Bookã¨è¡¨ç¤ºã•ã‚Œã‚‹ (FAILED - 9)[0m
[31m      titleç·¨é›†ãƒ•ã‚©ãƒ¼ãƒ ãŒè¡¨ç¤ºã•ã‚Œã‚‹ (FAILED - 10)[0m
[31m      opinionç·¨é›†ãƒ•ã‚©ãƒ¼ãƒ ãŒè¡¨ç¤ºã•ã‚Œã‚‹ (FAILED - 11)[0m
[31m      Showãƒªãƒ³ã‚¯ãŒè¡¨ç¤ºã•ã‚Œã‚‹ (FAILED - 12)[0m
[31m      Backãƒªãƒ³ã‚¯ãŒè¡¨ç¤ºã•ã‚Œã‚‹ (FAILED - 13)[0m
    ãƒ•ã‚©ãƒ¼ãƒ ã®ç¢ºèª
[31m      ç·¨é›†ã«æˆåŠŸã™ã‚‹ (FAILED - 14)[0m
[31m      ç·¨é›†ã«å¤±æ•—ã™ã‚‹ (FAILED - 15)[0m
  ä¸€è¦§ç”»é¢ã®ãƒ†ã‚¹ãƒˆ
    è¡¨ç¤ºã®ç¢ºèª
[31m      Booksã¨è¡¨ç¤ºã•ã‚Œã‚‹ (FAILED - 16)[0m
[31m      è‡ªåˆ†ã¨ä»–äººã®ç”»åƒã®ãƒªãƒ³ã‚¯å…ˆãŒæ­£ã—ã„ (FAILED - 17)[0m
[31m      è‡ªåˆ†ã¨ä»–äººã®ã‚¿ã‚¤ãƒˆãƒ«ã®ãƒªãƒ³ã‚¯å…ˆãŒæ­£ã—ã„ (FAILED - 18)[0m
[31m      è‡ªåˆ†ã¨ä»–äººã®ã‚ªãƒ”ãƒ‹ã‚ªãƒ³ãŒè¡¨ç¤ºã•ã‚Œã‚‹ (FAILED - 19)[0m
  è©³ç´°ç”»é¢ã®ãƒ†ã‚¹ãƒˆ
    è‡ªåˆ†ãƒ»ä»–äººå…±é€šã®æŠ•ç¨¿è©³ç´°ç”»é¢ã®è¡¨ç¤ºã‚’ç¢ºèª
[31m      Book detailã¨è¡¨ç¤ºã•ã‚Œã‚‹ (FAILED - 20)[0m
[31m      ãƒ¦ãƒ¼ã‚¶ãƒ¼ç”»åƒãƒ»åå‰ã®ãƒªãƒ³ã‚¯å…ˆãŒæ­£ã—ã„ (FAILED - 21)[0m
[31m      æŠ•ç¨¿ã®titleãŒè¡¨ç¤ºã•ã‚Œã‚‹ (FAILED - 22)[0m
[31m      æŠ•ç¨¿ã®opinionãŒè¡¨ç¤ºã•ã‚Œã‚‹ (FAILED - 23)[0m
    è‡ªåˆ†ã®æŠ•ç¨¿è©³ç´°ç”»é¢ã®è¡¨ç¤ºã‚’ç¢ºèª
[31m      æŠ•ç¨¿ã®ç·¨é›†ãƒªãƒ³ã‚¯ãŒè¡¨ç¤ºã•ã‚Œã‚‹ (FAILED - 24)[0m
[31m      æŠ•ç¨¿ã®å‰Šé™¤ãƒªãƒ³ã‚¯ãŒè¡¨ç¤ºã•ã‚Œã‚‹ (FAILED - 25)[0m
    ä»–äººã®æŠ•ç¨¿è©³ç´°ç”»é¢ã®è¡¨ç¤ºã‚’ç¢ºèª
[32m      æŠ•ç¨¿ã®ç·¨é›†ãƒªãƒ³ã‚¯ãŒè¡¨ç¤ºã•ã‚Œãªã„[0m
[32m      æŠ•ç¨¿ã®å‰Šé™¤ãƒªãƒ³ã‚¯ãŒè¡¨ç¤ºã•ã‚Œãªã„[0m

bootstrapã®ãƒ†ã‚¹ãƒˆ
  ã‚°ãƒªãƒƒãƒ‰ã‚·ã‚¹ãƒ†ãƒ ã®ãƒ†ã‚¹ãƒˆ
    ãƒ¦ãƒ¼ã‚¶ãƒ¼é–¢é€£ç”»é¢
[31m      ä¸€è¦§ç”»é¢ (FAILED - 26)[0m
[31m      è©³ç´°ç”»é¢ (FAILED - 27)[0m
    æŠ•ç¨¿é–¢é€£ç”»é¢
[31m      ä¸€è¦§ç”»é¢ (FAILED - 28)[0m
[31m      è©³ç´°ç”»é¢ (FAILED - 29)[0m

ãƒ˜ãƒƒãƒ€ãƒ¼ã®ãƒ†ã‚¹ãƒˆ
  ãƒ­ã‚°ã‚¤ãƒ³ã—ã¦ã„ãªã„å ´åˆ
    ãƒ˜ãƒƒãƒ€ãƒ¼ã®è¡¨ç¤ºã‚’ç¢ºèª
[31m      ã‚¿ã‚¤ãƒˆãƒ«ãŒè¡¨ç¤ºã•ã‚Œã‚‹ (FAILED - 30)[0m
[32m      Homeãƒªãƒ³ã‚¯ãŒè¡¨ç¤ºã•ã‚Œã‚‹[0m
[32m      Aboutãƒªãƒ³ã‚¯ãŒè¡¨ç¤ºã•ã‚Œã‚‹[0m
[32m      Sign upãƒªãƒ³ã‚¯ãŒè¡¨ç¤ºã•ã‚Œã‚‹[0m
[32m      loginãƒªãƒ³ã‚¯ãŒè¡¨ç¤ºã•ã‚Œã‚‹[0m
    ãƒ˜ãƒƒãƒ€ãƒ¼ã®ãƒªãƒ³ã‚¯ã‚’ç¢ºèª
[32m      Homeç”»é¢ã«é·ç§»ã™ã‚‹[0m
[32m      Aboutç”»é¢ã«é·ç§»ã™ã‚‹[0m
[32m      æ–°è¦ç™»éŒ²ç”»é¢ã«é·ç§»ã™ã‚‹[0m
[32m      ãƒ­ã‚°ã‚¤ãƒ³ç”»é¢ã«é·ç§»ã™ã‚‹[0m
  ãƒ­ã‚°ã‚¤ãƒ³ã—ã¦ã„ã‚‹å ´åˆ
    ãƒ˜ãƒƒãƒ€ãƒ¼ã®è¡¨ç¤ºã‚’ç¢ºèª
[31m      ã‚¿ã‚¤ãƒˆãƒ«ãŒè¡¨ç¤ºã•ã‚Œã‚‹ (FAILED - 31)[0m
[32m      Homeãƒªãƒ³ã‚¯ãŒè¡¨ç¤ºã•ã‚Œã‚‹[0m
[31m      Usersãƒªãƒ³ã‚¯ãŒè¡¨ç¤ºã•ã‚Œã‚‹ (FAILED - 32)[0m
[31m      Booksãƒªãƒ³ã‚¯ãŒè¡¨ç¤ºã•ã‚Œã‚‹ (FAILED - 33)[0m
[31m      logoutãƒªãƒ³ã‚¯ãŒè¡¨ç¤ºã•ã‚Œã‚‹ (FAILED - 34)[0m
    ãƒ˜ãƒƒãƒ€ãƒ¼ã®ãƒªãƒ³ã‚¯ã‚’ç¢ºèª
[31m      Homeç”»é¢ã«é·ç§»ã™ã‚‹ (FAILED - 35)[0m
[31m      Usersç”»é¢ã«é·ç§»ã™ã‚‹ (FAILED - 36)[0m
[31m      Booksç”»é¢ã«é·ç§»ã™ã‚‹ (FAILED - 37)[0m
[31m      logoutã™ã‚‹ (FAILED - 38)[0m

ãƒ¦ãƒ¼ã‚¶ãƒ¼æ¨©é™ã®ãƒ†ã‚¹ãƒˆ
  ãƒ­ã‚°ã‚¤ãƒ³ã—ã¦ã„ãªã„å ´åˆ
    æŠ•ç¨¿é–¢é€£ã®URLã«ã‚¢ã‚¯ã‚»ã‚¹
[32m      ä¸€è¦§ç”»é¢ã«é·ç§»ã§ããªã„[0m
[32m      ç·¨é›†ç”»é¢ã«é·ç§»ã§ããªã„[0m
[32m      è©³ç´°ç”»é¢ã«é·ç§»ã§ããªã„[0m
  ãƒ­ã‚°ã‚¤ãƒ³ã—ã¦ã„ãªã„å ´åˆã«ãƒ¦ãƒ¼ã‚¶ãƒ¼é–¢é€£ã®URLã«ã‚¢ã‚¯ã‚»ã‚¹
    ãƒ¦ãƒ¼ã‚¶ãƒ¼é–¢é€£ã®URLã«ã‚¢ã‚¯ã‚»ã‚¹
[32m      ä¸€è¦§ç”»é¢ã«é·ç§»ã§ããªã„[0m
[32m      ç·¨é›†ç”»é¢ã«é·ç§»ã§ããªã„[0m
[32m      è©³ç´°ç”»é¢ã«é·ç§»ã§ãªã„[0m

ãƒˆãƒƒãƒ—ãƒšãƒ¼ã‚¸ã®ãƒ†ã‚¹ãƒˆ
  ãƒœãƒ‡ã‚£éƒ¨åˆ†ã®ãƒ†ã‚¹ãƒˆ
    è¡¨ç¤ºã®ç¢ºèª
[32m      Log inãƒªãƒ³ã‚¯ãŒè¡¨ç¤ºã•ã‚Œã‚‹[0m
[32m      Sign Upãƒªãƒ³ã‚¯ãŒè¡¨ç¤ºã•ã‚Œã‚‹[0m
    ãƒ­ã‚°ã‚¤ãƒ³ã—ã¦ã„ã‚‹å ´åˆã®æŒ™å‹•ã‚’ç¢ºèª
[31m      Log inãƒªãƒ³ã‚¯ã‚’ã‚¯ãƒªãƒƒã‚¯ã—ãŸã‚‰ãƒ¦ãƒ¼ã‚¶ãƒ¼è©³ç´°ç”»é¢ã¸é·ç§»ã™ã‚‹ (FAILED - 39)[0m
[31m      Sign Upãƒªãƒ³ã‚¯ã‚’ã‚¯ãƒªãƒƒã‚¯ã—ãŸã‚‰ãƒ¦ãƒ¼ã‚¶ãƒ¼è©³ç´°ç”»é¢ã«é·ç§»ã™ã‚‹ (FAILED - 40)[0m
    ãƒ­ã‚°ã‚¤ãƒ³ã—ã¦ã„ãªã„å ´åˆã®æŒ™å‹•ã‚’ç¢ºèª
[32m      Log inãƒªãƒ³ã‚¯ã‚’ã‚¯ãƒªãƒƒã‚¯ã—ãŸã‚‰ãƒ­ã‚°ã‚¤ãƒ³ç”»é¢ã¸é·ç§»ã™ã‚‹[0m
[32m      Sign Upãƒªãƒ³ã‚¯ã‚’ã‚¯ãƒªãƒƒã‚¯ã—ãŸã‚‰æ–°è¦ç™»éŒ²ç”»é¢ã«é·ç§»ã™ã‚‹[0m

ãƒ¦ãƒ¼ã‚¶ãƒ¼èªè¨¼ã®ãƒ†ã‚¹ãƒˆ
  ãƒ¦ãƒ¼ã‚¶ãƒ¼æ–°è¦ç™»éŒ²
    æ–°è¦ç™»éŒ²ç”»é¢ã«é·ç§»
[31m      æ–°è¦ç™»éŒ²ã«æˆåŠŸã™ã‚‹ (FAILED - 41)[0m
[31m      æ–°è¦ç™»éŒ²ã«å¤±æ•—ã™ã‚‹ (FAILED - 42)[0m
  ãƒ¦ãƒ¼ã‚¶ãƒ¼ãƒ­ã‚°ã‚¤ãƒ³
    ãƒ­ã‚°ã‚¤ãƒ³ç”»é¢ã«é·ç§»
[31m      ãƒ­ã‚°ã‚¤ãƒ³ã«æˆåŠŸã™ã‚‹ (FAILED - 43)[0m
[32m      ãƒ­ã‚°ã‚¤ãƒ³ã«å¤±æ•—ã™ã‚‹[0m

ãƒ¦ãƒ¼ã‚¶ãƒ¼ã®ãƒ†ã‚¹ãƒˆ
  ã‚µã‚¤ãƒ‰ãƒãƒ¼ã®ãƒ†ã‚¹ãƒˆ
    è¡¨ç¤ºã®ç¢ºèª
[31m      User infoã¨è¡¨ç¤ºã•ã‚Œã‚‹ (FAILED - 44)[0m
[31m      ç”»åƒãŒè¡¨ç¤ºã•ã‚Œã‚‹ (FAILED - 45)[0m
[31m      åå‰ãŒè¡¨ç¤ºã•ã‚Œã‚‹ (FAILED - 46)[0m
[31m      è‡ªå·±ç´¹ä»‹ãŒè¡¨ç¤ºã•ã‚Œã‚‹ (FAILED - 47)[0m
[31m      ç·¨é›†ãƒªãƒ³ã‚¯ãŒè¡¨ç¤ºã•ã‚Œã‚‹ (FAILED - 48)[0m
  ç·¨é›†ã®ãƒ†ã‚¹ãƒˆ
    è‡ªåˆ†ã®ç·¨é›†ç”»é¢ã¸ã®é·ç§»
[31m      é·ç§»ã§ãã‚‹ (FAILED - 49)[0m
    ä»–äººã®ç·¨é›†ç”»é¢ã¸ã®é·ç§»
[31m      é·ç§»ã§ããªã„ (FAILED - 50)[0m
    è¡¨ç¤ºã®ç¢ºèª
[31m      User infoã¨è¡¨ç¤ºã•ã‚Œã‚‹ (FAILED - 51)[0m
[31m      åå‰ç·¨é›†ãƒ•ã‚©ãƒ¼ãƒ ã«è‡ªåˆ†ã®åå‰ãŒè¡¨ç¤ºã•ã‚Œã‚‹ (FAILED - 52)[0m
[31m      ç”»åƒç·¨é›†ãƒ•ã‚©ãƒ¼ãƒ ãŒè¡¨ç¤ºã•ã‚Œã‚‹ (FAILED - 53)[0m
[31m      è‡ªå·±ç´¹ä»‹ç·¨é›†ãƒ•ã‚©ãƒ¼ãƒ ã«è‡ªåˆ†ã®è‡ªå·±ç´¹ä»‹ãŒè¡¨ç¤ºã•ã‚Œã‚‹ (FAILED - 54)[0m
[31m      ç·¨é›†ã«æˆåŠŸã™ã‚‹ (FAILED - 55)[0m
[31m      ç·¨é›†ã«å¤±æ•—ã™ã‚‹ (FAILED - 56)[0m
  ä¸€è¦§ç”»é¢ã®ãƒ†ã‚¹ãƒˆ
    è¡¨ç¤ºã®ç¢ºèª
[31m      Usersã¨è¡¨ç¤ºã•ã‚Œã‚‹ (FAILED - 57)[0m
[31m      è‡ªåˆ†ã¨ä»–ã®äººã®ç”»åƒãŒè¡¨ç¤ºã•ã‚Œã‚‹ (FAILED - 58)[0m
[31m      è‡ªåˆ†ã¨ä»–ã®äººã®åå‰ãŒè¡¨ç¤ºã•ã‚Œã‚‹ (FAILED - 59)[0m
[31m      showãƒªãƒ³ã‚¯ãŒè¡¨ç¤ºã•ã‚Œã‚‹ (FAILED - 60)[0m
  è©³ç´°ç”»é¢ã®ãƒ†ã‚¹ãƒˆ
    è¡¨ç¤ºã®ç¢ºèª
[31m      Booksã¨è¡¨ç¤ºã•ã‚Œã‚‹ (FAILED - 61)[0m
[31m      æŠ•ç¨¿ä¸€è¦§ã®ãƒ¦ãƒ¼ã‚¶ãƒ¼ã®ç”»åƒã®ãƒªãƒ³ã‚¯å…ˆãŒæ­£ã—ã„ (FAILED - 62)[0m
[31m      æŠ•ç¨¿ä¸€è¦§ã®titleã®ãƒªãƒ³ã‚¯å…ˆãŒæ­£ã—ã„ (FAILED - 63)[0m
[31m      æŠ•ç¨¿ä¸€è¦§ã«opinionãŒè¡¨ç¤ºã•ã‚Œã‚‹ (FAILED - 64)[0m

Failures:

  1) æŠ•ç¨¿ã®ãƒ†ã‚¹ãƒˆ ã‚µã‚¤ãƒ‰ãƒãƒ¼ã®ãƒ†ã‚¹ãƒˆ è¡¨ç¤ºã®ç¢ºèª New bookã¨è¡¨ç¤ºã•ã‚Œã‚‹
     [31mFailure/Error: expect(page).to have_content 'New book'[0m
     [31m[0m
     [31mCapybara::Ambiguous:[0m
     [31m  Ambiguous match, found 2 elements matching visible xpath "/html"[0m
     [31m[0m
     [31m[0m
     [31m[0m
     [36m# /home/ec2-user/.rvm/gems/ruby-2.6.3/gems/capybara-3.33.0/lib/capybara/node/finders.rb:300:in `block in synced_resolve'[0m
     [36m# /home/ec2-user/.rvm/gems/ruby-2.6.3/gems/capybara-3.33.0/lib/capybara/node/base.rb:77:in `synchronize'[0m
     [36m# /home/ec2-user/.rvm/gems/ruby-2.6.3/gems/capybara-3.33.0/lib/capybara/node/finders.rb:291:in `synced_resolve'[0m
     [36m# /home/ec2-user/.rvm/gems/ruby-2.6.3/gems/capybara-3.33.0/lib/capybara/node/finders.rb:52:in `find'[0m
     [36m# /home/ec2-user/.rvm/gems/ruby-2.6.3/gems/capybara-3.33.0/lib/capybara/node/document.rb:24:in `text'[0m
     [36m# /home/ec2-user/.rvm/gems/ruby-2.6.3/gems/capybara-3.33.0/lib/capybara/queries/text_query.rb:108:in `text'[0m
     [36m# /home/ec2-user/.rvm/gems/ruby-2.6.3/gems/capybara-3.33.0/lib/capybara/queries/text_query.rb:29:in `resolve_for'[0m
     [36m# /home/ec2-user/.rvm/gems/ruby-2.6.3/gems/capybara-3.33.0/lib/capybara/node/matchers.rb:860:in `block in _verify_text'[0m
     [36m# /home/ec2-user/.rvm/gems/ruby-2.6.3/gems/capybara-3.33.0/lib/capybara/node/base.rb:83:in `synchronize'[0m
     [36m# /home/ec2-user/.rvm/gems/ruby-2.6.3/gems/capybara-3.33.0/lib/capybara/node/matchers.rb:859:in `_verify_text'[0m
     [36m# /home/ec2-user/.rvm/gems/ruby-2.6.3/gems/capybara-3.33.0/lib/capybara/node/matchers.rb:674:in `assert_text'[0m
     [36m# /home/ec2-user/.rvm/gems/ruby-2.6.3/gems/capybara-3.33.0/lib/capybara/session.rb:759:in `block (2 levels) in <class:Session>'[0m
     [36m# /home/ec2-user/.rvm/gems/ruby-2.6.3/gems/capybara-3.33.0/lib/capybara/rspec/matchers/have_text.rb:10:in `element_matches?'[0m
     [36m# /home/ec2-user/.rvm/gems/ruby-2.6.3/gems/capybara-3.33.0/lib/capybara/rspec/matchers/base.rb:51:in `matches?'[0m
     [36m# ./spec/system/books_spec.rb:17:in `block (4 levels) in <main>'[0m

  2) æŠ•ç¨¿ã®ãƒ†ã‚¹ãƒˆ ã‚µã‚¤ãƒ‰ãƒãƒ¼ã®ãƒ†ã‚¹ãƒˆ è¡¨ç¤ºã®ç¢ºèª titleãƒ•ã‚©ãƒ¼ãƒ ãŒè¡¨ç¤ºã•ã‚Œã‚‹
     [31mFailure/Error: expect(page).to have_field 'book[title]'[0m
     [31m  expected to find field "book[title]" that is not disabled but there were no matches[0m
     [31m[0m
     [31m[0m
     [31m[0m
     [36m# ./spec/system/books_spec.rb:20:in `block (4 levels) in <main>'[0m

  3) æŠ•ç¨¿ã®ãƒ†ã‚¹ãƒˆ ã‚µã‚¤ãƒ‰ãƒãƒ¼ã®ãƒ†ã‚¹ãƒˆ è¡¨ç¤ºã®ç¢ºèª opinionãƒ•ã‚©ãƒ¼ãƒ ãŒè¡¨ç¤ºã•ã‚Œã‚‹
     [31mFailure/Error: expect(page).to have_field 'book[body]'[0m
     [31m  expected to find field "book[body]" that is not disabled but there were no matches[0m
     [31m[0m
     [31m[0m
     [31m[0m
     [36m# ./spec/system/books_spec.rb:23:in `block (4 levels) in <main>'[0m

  4) æŠ•ç¨¿ã®ãƒ†ã‚¹ãƒˆ ã‚µã‚¤ãƒ‰ãƒãƒ¼ã®ãƒ†ã‚¹ãƒˆ è¡¨ç¤ºã®ç¢ºèª Create Bookãƒœã‚¿ãƒ³ãŒè¡¨ç¤ºã•ã‚Œã‚‹
     [31mFailure/Error: expect(page).to have_button 'Create Book'[0m
     [31m  expected to find button "Create Book" that is not disabled but there were no matches[0m
     [31m[0m
     [31m[0m
     [31m[0m
     [36m# ./spec/system/books_spec.rb:26:in `block (4 levels) in <main>'[0m

  5) æŠ•ç¨¿ã®ãƒ†ã‚¹ãƒˆ ã‚µã‚¤ãƒ‰ãƒãƒ¼ã®ãƒ†ã‚¹ãƒˆ è¡¨ç¤ºã®ç¢ºèª æŠ•ç¨¿ã«æˆåŠŸã™ã‚‹
     [31mFailure/Error: fill_in 'book[title]', with: Faker::Lorem.characters(number:5)[0m
     [31m[0m
     [31mCapybara::ElementNotFound:[0m
     [31m  Unable to find field "book[title]" that is not disabled[0m
     [31m[0m
     [31m[0m
     [31m[0m
     [36m# /home/ec2-user/.rvm/gems/ruby-2.6.3/gems/capybara-3.33.0/lib/capybara/node/finders.rb:302:in `block in synced_resolve'[0m
     [36m# /home/ec2-user/.rvm/gems/ruby-2.6.3/gems/capybara-3.33.0/lib/capybara/node/base.rb:83:in `synchronize'[0m
     [36m# /home/ec2-user/.rvm/gems/ruby-2.6.3/gems/capybara-3.33.0/lib/capybara/node/finders.rb:291:in `synced_resolve'[0m
     [36m# /home/ec2-user/.rvm/gems/ruby-2.6.3/gems/capybara-3.33.0/lib/capybara/node/finders.rb:52:in `find'[0m
     [36m# /home/ec2-user/.rvm/gems/ruby-2.6.3/gems/capybara-3.33.0/lib/capybara/node/actions.rb:91:in `fill_in'[0m
     [36m# /home/ec2-user/.rvm/gems/ruby-2.6.3/gems/capybara-3.33.0/lib/capybara/session.rb:759:in `block (2 levels) in <class:Session>'[0m
     [36m# /home/ec2-user/.rvm/gems/ruby-2.6.3/gems/capybara-3.33.0/lib/capybara/dsl.rb:58:in `block (2 levels) in <module:DSL>'[0m
     [36m# ./spec/system/books_spec.rb:29:in `block (4 levels) in <main>'[0m

  6) æŠ•ç¨¿ã®ãƒ†ã‚¹ãƒˆ ã‚µã‚¤ãƒ‰ãƒãƒ¼ã®ãƒ†ã‚¹ãƒˆ è¡¨ç¤ºã®ç¢ºèª æŠ•ç¨¿ã«å¤±æ•—ã™ã‚‹
     [31mFailure/Error: click_button 'Create Book'[0m
     [31m[0m
     [31mCapybara::ElementNotFound:[0m
     [31m  Unable to find button "Create Book" that is not disabled[0m
     [31m[0m
     [31m[0m
     [31m[0m
     [36m# /home/ec2-user/.rvm/gems/ruby-2.6.3/gems/capybara-3.33.0/lib/capybara/node/finders.rb:302:in `block in synced_resolve'[0m
     [36m# /home/ec2-user/.rvm/gems/ruby-2.6.3/gems/capybara-3.33.0/lib/capybara/node/base.rb:83:in `synchronize'[0m
     [36m# /home/ec2-user/.rvm/gems/ruby-2.6.3/gems/capybara-3.33.0/lib/capybara/node/finders.rb:291:in `synced_resolve'[0m
     [36m# /home/ec2-user/.rvm/gems/ruby-2.6.3/gems/capybara-3.33.0/lib/capybara/node/finders.rb:52:in `find'[0m
     [36m# /home/ec2-user/.rvm/gems/ruby-2.6.3/gems/capybara-3.33.0/lib/capybara/node/actions.rb:58:in `click_button'[0m
     [36m# /home/ec2-user/.rvm/gems/ruby-2.6.3/gems/capybara-3.33.0/lib/capybara/session.rb:759:in `block (2 levels) in <class:Session>'[0m
     [36m# /home/ec2-user/.rvm/gems/ruby-2.6.3/gems/capybara-3.33.0/lib/capybara/dsl.rb:58:in `block (2 levels) in <module:DSL>'[0m
     [36m# ./spec/system/books_spec.rb:35:in `block (4 levels) in <main>'[0m

  7) æŠ•ç¨¿ã®ãƒ†ã‚¹ãƒˆ ç·¨é›†ã®ãƒ†ã‚¹ãƒˆ è‡ªåˆ†ã®æŠ•ç¨¿ã®ç·¨é›†ç”»é¢ã¸ã®é·ç§» é·ç§»ã§ãã‚‹
     [31mFailure/Error: expect(current_path).to eq('/books/' + book.id.to_s + '/edit')[0m
     [31m[0m
     [31m  expected: "/books/1/edit"[0m
     [31m       got: "/users/sign_in"[0m
     [31m[0m
     [31m  (compared using ==)[0m
     [31m[0m
     [31m[0m
     [31m[0m
     [36m# ./spec/system/books_spec.rb:46:in `block (4 levels) in <main>'[0m

  8) æŠ•ç¨¿ã®ãƒ†ã‚¹ãƒˆ ç·¨é›†ã®ãƒ†ã‚¹ãƒˆ ä»–äººã®æŠ•ç¨¿ã®ç·¨é›†ç”»é¢ã¸ã®é·ç§» é·ç§»ã§ããªã„
     [31mFailure/Error: expect(current_path).to eq('/books')[0m
     [31m[0m
     [31m  expected: "/books"[0m
     [31m       got: "/users/sign_in"[0m
     [31m[0m
     [31m  (compared using ==)[0m
     [31m[0m
     [31m[0m
     [31m[0m
     [36m# ./spec/system/books_spec.rb:52:in `block (4 levels) in <main>'[0m

  9) æŠ•ç¨¿ã®ãƒ†ã‚¹ãƒˆ ç·¨é›†ã®ãƒ†ã‚¹ãƒˆ è¡¨ç¤ºã®ç¢ºèª Editing Bookã¨è¡¨ç¤ºã•ã‚Œã‚‹
     [31mFailure/Error: expect(page).to have_content('Editing Book')[0m
     [31m[0m
     [31mCapybara::Ambiguous:[0m
     [31m  Ambiguous match, found 2 elements matching visible xpath "/html"[0m
     [31m[0m
     [31m[0m
     [31m[0m
     [36m# /home/ec2-user/.rvm/gems/ruby-2.6.3/gems/capybara-3.33.0/lib/capybara/node/finders.rb:300:in `block in synced_resolve'[0m
     [36m# /home/ec2-user/.rvm/gems/ruby-2.6.3/gems/capybara-3.33.0/lib/capybara/node/base.rb:77:in `synchronize'[0m
     [36m# /home/ec2-user/.rvm/gems/ruby-2.6.3/gems/capybara-3.33.0/lib/capybara/node/finders.rb:291:in `synced_resolve'[0m
     [36m# /home/ec2-user/.rvm/gems/ruby-2.6.3/gems/capybara-3.33.0/lib/capybara/node/finders.rb:52:in `find'[0m
     [36m# /home/ec2-user/.rvm/gems/ruby-2.6.3/gems/capybara-3.33.0/lib/capybara/node/document.rb:24:in `text'[0m
     [36m# /home/ec2-user/.rvm/gems/ruby-2.6.3/gems/capybara-3.33.0/lib/capybara/queries/text_query.rb:108:in `text'[0m
     [36m# /home/ec2-user/.rvm/gems/ruby-2.6.3/gems/capybara-3.33.0/lib/capybara/queries/text_query.rb:29:in `resolve_for'[0m
     [36m# /home/ec2-user/.rvm/gems/ruby-2.6.3/gems/capybara-3.33.0/lib/capybara/node/matchers.rb:860:in `block in _verify_text'[0m
     [36m# /home/ec2-user/.rvm/gems/ruby-2.6.3/gems/capybara-3.33.0/lib/capybara/node/base.rb:83:in `synchronize'[0m
     [36m# /home/ec2-user/.rvm/gems/ruby-2.6.3/gems/capybara-3.33.0/lib/capybara/node/matchers.rb:859:in `_verify_text'[0m
     [36m# /home/ec2-user/.rvm/gems/ruby-2.6.3/gems/capybara-3.33.0/lib/capybara/node/matchers.rb:674:in `assert_text'[0m
     [36m# /home/ec2-user/.rvm/gems/ruby-2.6.3/gems/capybara-3.33.0/lib/capybara/session.rb:759:in `block (2 levels) in <class:Session>'[0m
     [36m# /home/ec2-user/.rvm/gems/ruby-2.6.3/gems/capybara-3.33.0/lib/capybara/rspec/matchers/have_text.rb:10:in `element_matches?'[0m
     [36m# /home/ec2-user/.rvm/gems/ruby-2.6.3/gems/capybara-3.33.0/lib/capybara/rspec/matchers/base.rb:51:in `matches?'[0m
     [36m# ./spec/system/books_spec.rb:60:in `block (4 levels) in <main>'[0m

  10) æŠ•ç¨¿ã®ãƒ†ã‚¹ãƒˆ ç·¨é›†ã®ãƒ†ã‚¹ãƒˆ è¡¨ç¤ºã®ç¢ºèª titleç·¨é›†ãƒ•ã‚©ãƒ¼ãƒ ãŒè¡¨ç¤ºã•ã‚Œã‚‹
      [31mFailure/Error: expect(page).to have_field 'book[title]', with: book.title[0m
      [31m  expected to find field "book[title]" that is not disabled but there were no matches[0m
      [31m[0m
      [31m[0m
      [31m[0m
      [36m# ./spec/system/books_spec.rb:63:in `block (4 levels) in <main>'[0m

  11) æŠ•ç¨¿ã®ãƒ†ã‚¹ãƒˆ ç·¨é›†ã®ãƒ†ã‚¹ãƒˆ è¡¨ç¤ºã®ç¢ºèª opinionç·¨é›†ãƒ•ã‚©ãƒ¼ãƒ ãŒè¡¨ç¤ºã•ã‚Œã‚‹
      [31mFailure/Error: expect(page).to have_field 'book[body]', with: book.body[0m
      [31m  expected to find field "book[body]" that is not disabled but there were no matches[0m
      [31m[0m
      [31m[0m
      [31m[0m
      [36m# ./spec/system/books_spec.rb:66:in `block (4 levels) in <main>'[0m

  12) æŠ•ç¨¿ã®ãƒ†ã‚¹ãƒˆ ç·¨é›†ã®ãƒ†ã‚¹ãƒˆ è¡¨ç¤ºã®ç¢ºèª Showãƒªãƒ³ã‚¯ãŒè¡¨ç¤ºã•ã‚Œã‚‹
      [31mFailure/Error: expect(page).to have_link 'Show', href: book_path(book)[0m
      [31m  expected to find link "Show" with href "/books/1" but there were no matches[0m
      [31m[0m
      [31m[0m
      [31m[0m
      [36m# ./spec/system/books_spec.rb:69:in `block (4 levels) in <main>'[0m

  13) æŠ•ç¨¿ã®ãƒ†ã‚¹ãƒˆ ç·¨é›†ã®ãƒ†ã‚¹ãƒˆ è¡¨ç¤ºã®ç¢ºèª Backãƒªãƒ³ã‚¯ãŒè¡¨ç¤ºã•ã‚Œã‚‹
      [31mFailure/Error: expect(page).to have_link 'Back', href: books_path[0m
      [31m  expected to find link "Back" with href "/books" but there were no matches[0m
      [31m[0m
      [31m[0m
      [31m[0m
      [36m# ./spec/system/books_spec.rb:72:in `block (4 levels) in <main>'[0m

  14) æŠ•ç¨¿ã®ãƒ†ã‚¹ãƒˆ ç·¨é›†ã®ãƒ†ã‚¹ãƒˆ ãƒ•ã‚©ãƒ¼ãƒ ã®ç¢ºèª ç·¨é›†ã«æˆåŠŸã™ã‚‹
      [31mFailure/Error: click_button 'Update Book'[0m
      [31m[0m
      [31mCapybara::ElementNotFound:[0m
      [31m  Unable to find button "Update Book" that is not disabled[0m
      [31m[0m
      [31m[0m
      [31m[0m
      [36m# /home/ec2-user/.rvm/gems/ruby-2.6.3/gems/capybara-3.33.0/lib/capybara/node/finders.rb:302:in `block in synced_resolve'[0m
      [36m# /home/ec2-user/.rvm/gems/ruby-2.6.3/gems/capybara-3.33.0/lib/capybara/node/base.rb:83:in `synchronize'[0m
      [36m# /home/ec2-user/.rvm/gems/ruby-2.6.3/gems/capybara-3.33.0/lib/capybara/node/finders.rb:291:in `synced_resolve'[0m
      [36m# /home/ec2-user/.rvm/gems/ruby-2.6.3/gems/capybara-3.33.0/lib/capybara/node/finders.rb:52:in `find'[0m
      [36m# /home/ec2-user/.rvm/gems/ruby-2.6.3/gems/capybara-3.33.0/lib/capybara/node/actions.rb:58:in `click_button'[0m
      [36m# /home/ec2-user/.rvm/gems/ruby-2.6.3/gems/capybara-3.33.0/lib/capybara/session.rb:759:in `block (2 levels) in <class:Session>'[0m
      [36m# /home/ec2-user/.rvm/gems/ruby-2.6.3/gems/capybara-3.33.0/lib/capybara/dsl.rb:58:in `block (2 levels) in <module:DSL>'[0m
      [36m# ./spec/system/books_spec.rb:78:in `block (4 levels) in <main>'[0m

  15) æŠ•ç¨¿ã®ãƒ†ã‚¹ãƒˆ ç·¨é›†ã®ãƒ†ã‚¹ãƒˆ ãƒ•ã‚©ãƒ¼ãƒ ã®ç¢ºèª ç·¨é›†ã«å¤±æ•—ã™ã‚‹
      [31mFailure/Error: fill_in 'book[title]', with: ''[0m
      [31m[0m
      [31mCapybara::ElementNotFound:[0m
      [31m  Unable to find field "book[title]" that is not disabled[0m
      [31m[0m
      [31m[0m
      [31m[0m
      [36m# /home/ec2-user/.rvm/gems/ruby-2.6.3/gems/capybara-3.33.0/lib/capybara/node/finders.rb:302:in `block in synced_resolve'[0m
      [36m# /home/ec2-user/.rvm/gems/ruby-2.6.3/gems/capybara-3.33.0/lib/capybara/node/base.rb:83:in `synchronize'[0m
      [36m# /home/ec2-user/.rvm/gems/ruby-2.6.3/gems/capybara-3.33.0/lib/capybara/node/finders.rb:291:in `synced_resolve'[0m
      [36m# /home/ec2-user/.rvm/gems/ruby-2.6.3/gems/capybara-3.33.0/lib/capybara/node/finders.rb:52:in `find'[0m
      [36m# /home/ec2-user/.rvm/gems/ruby-2.6.3/gems/capybara-3.33.0/lib/capybara/node/actions.rb:91:in `fill_in'[0m
      [36m# /home/ec2-user/.rvm/gems/ruby-2.6.3/gems/capybara-3.33.0/lib/capybara/session.rb:759:in `block (2 levels) in <class:Session>'[0m
      [36m# /home/ec2-user/.rvm/gems/ruby-2.6.3/gems/capybara-3.33.0/lib/capybara/dsl.rb:58:in `block (2 levels) in <module:DSL>'[0m
      [36m# ./spec/system/books_spec.rb:84:in `block (4 levels) in <main>'[0m

  16) æŠ•ç¨¿ã®ãƒ†ã‚¹ãƒˆ ä¸€è¦§ç”»é¢ã®ãƒ†ã‚¹ãƒˆ è¡¨ç¤ºã®ç¢ºèª Booksã¨è¡¨ç¤ºã•ã‚Œã‚‹
      [31mFailure/Error: expect(page).to have_content 'Books'[0m
      [31m[0m
      [31mCapybara::Ambiguous:[0m
      [31m  Ambiguous match, found 2 elements matching visible xpath "/html"[0m
      [31m[0m
      [31m[0m
      [31m[0m
      [36m# /home/ec2-user/.rvm/gems/ruby-2.6.3/gems/capybara-3.33.0/lib/capybara/node/finders.rb:300:in `block in synced_resolve'[0m
      [36m# /home/ec2-user/.rvm/gems/ruby-2.6.3/gems/capybara-3.33.0/lib/capybara/node/base.rb:77:in `synchronize'[0m
      [36m# /home/ec2-user/.rvm/gems/ruby-2.6.3/gems/capybara-3.33.0/lib/capybara/node/finders.rb:291:in `synced_resolve'[0m
      [36m# /home/ec2-user/.rvm/gems/ruby-2.6.3/gems/capybara-3.33.0/lib/capybara/node/finders.rb:52:in `find'[0m
      [36m# /home/ec2-user/.rvm/gems/ruby-2.6.3/gems/capybara-3.33.0/lib/capybara/node/document.rb:24:in `text'[0m
      [36m# /home/ec2-user/.rvm/gems/ruby-2.6.3/gems/capybara-3.33.0/lib/capybara/queries/text_query.rb:108:in `text'[0m
      [36m# /home/ec2-user/.rvm/gems/ruby-2.6.3/gems/capybara-3.33.0/lib/capybara/queries/text_query.rb:29:in `resolve_for'[0m
      [36m# /home/ec2-user/.rvm/gems/ruby-2.6.3/gems/capybara-3.33.0/lib/capybara/node/matchers.rb:860:in `block in _verify_text'[0m
      [36m# /home/ec2-user/.rvm/gems/ruby-2.6.3/gems/capybara-3.33.0/lib/capybara/node/base.rb:83:in `synchronize'[0m
      [36m# /home/ec2-user/.rvm/gems/ruby-2.6.3/gems/capybara-3.33.0/lib/capybara/node/matchers.rb:859:in `_verify_text'[0m
      [36m# /home/ec2-user/.rvm/gems/ruby-2.6.3/gems/capybara-3.33.0/lib/capybara/node/matchers.rb:674:in `assert_text'[0m
      [36m# /home/ec2-user/.rvm/gems/ruby-2.6.3/gems/capybara-3.33.0/lib/capybara/session.rb:759:in `block (2 levels) in <class:Session>'[0m
      [36m# /home/ec2-user/.rvm/gems/ruby-2.6.3/gems/capybara-3.33.0/lib/capybara/rspec/matchers/have_text.rb:10:in `element_matches?'[0m
      [36m# /home/ec2-user/.rvm/gems/ruby-2.6.3/gems/capybara-3.33.0/lib/capybara/rspec/matchers/base.rb:51:in `matches?'[0m
      [36m# ./spec/system/books_spec.rb:98:in `block (4 levels) in <main>'[0m

  17) æŠ•ç¨¿ã®ãƒ†ã‚¹ãƒˆ ä¸€è¦§ç”»é¢ã®ãƒ†ã‚¹ãƒˆ è¡¨ç¤ºã®ç¢ºèª è‡ªåˆ†ã¨ä»–äººã®ç”»åƒã®ãƒªãƒ³ã‚¯å…ˆãŒæ­£ã—ã„
      [31mFailure/Error: expect(page).to have_link '', href: user_path(book.user)[0m
      [31m  expected to find link "" with href "/users/2" but there were no matches[0m
      [31m[0m
      [31m[0m
      [31m[0m
      [36m# ./spec/system/books_spec.rb:101:in `block (4 levels) in <main>'[0m

  18) æŠ•ç¨¿ã®ãƒ†ã‚¹ãƒˆ ä¸€è¦§ç”»é¢ã®ãƒ†ã‚¹ãƒˆ è¡¨ç¤ºã®ç¢ºèª è‡ªåˆ†ã¨ä»–äººã®ã‚¿ã‚¤ãƒˆãƒ«ã®ãƒªãƒ³ã‚¯å…ˆãŒæ­£ã—ã„
      [31mFailure/Error: expect(page).to have_link book.title, href: book_path(book)[0m
      [31m  expected to find link "kd0nn" with href "/books/1" but there were no matches[0m
      [31m[0m
      [31m[0m
      [31m[0m
      [36m# ./spec/system/books_spec.rb:105:in `block (4 levels) in <main>'[0m

  19) æŠ•ç¨¿ã®ãƒ†ã‚¹ãƒˆ ä¸€è¦§ç”»é¢ã®ãƒ†ã‚¹ãƒˆ è¡¨ç¤ºã®ç¢ºèª è‡ªåˆ†ã¨ä»–äººã®ã‚ªãƒ”ãƒ‹ã‚ªãƒ³ãŒè¡¨ç¤ºã•ã‚Œã‚‹
      [31mFailure/Error: expect(page).to have_content book.body[0m
      [31m[0m
      [31mCapybara::Ambiguous:[0m
      [31m  Ambiguous match, found 2 elements matching visible xpath "/html"[0m
      [31m[0m
      [31m[0m
      [31m[0m
      [36m# /home/ec2-user/.rvm/gems/ruby-2.6.3/gems/capybara-3.33.0/lib/capybara/node/finders.rb:300:in `block in synced_resolve'[0m
      [36m# /home/ec2-user/.rvm/gems/ruby-2.6.3/gems/capybara-3.33.0/lib/capybara/node/base.rb:77:in `synchronize'[0m
      [36m# /home/ec2-user/.rvm/gems/ruby-2.6.3/gems/capybara-3.33.0/lib/capybara/node/finders.rb:291:in `synced_resolve'[0m
      [36m# /home/ec2-user/.rvm/gems/ruby-2.6.3/gems/capybara-3.33.0/lib/capybara/node/finders.rb:52:in `find'[0m
      [36m# /home/ec2-user/.rvm/gems/ruby-2.6.3/gems/capybara-3.33.0/lib/capybara/node/document.rb:24:in `text'[0m
      [36m# /home/ec2-user/.rvm/gems/ruby-2.6.3/gems/capybara-3.33.0/lib/capybara/queries/text_query.rb:108:in `text'[0m
      [36m# /home/ec2-user/.rvm/gems/ruby-2.6.3/gems/capybara-3.33.0/lib/capybara/queries/text_query.rb:29:in `resolve_for'[0m
      [36m# /home/ec2-user/.rvm/gems/ruby-2.6.3/gems/capybara-3.33.0/lib/capybara/node/matchers.rb:860:in `block in _verify_text'[0m
      [36m# /home/ec2-user/.rvm/gems/ruby-2.6.3/gems/capybara-3.33.0/lib/capybara/node/base.rb:83:in `synchronize'[0m
      [36m# /home/ec2-user/.rvm/gems/ruby-2.6.3/gems/capybara-3.33.0/lib/capybara/node/matchers.rb:859:in `_verify_text'[0m
      [36m# /home/ec2-user/.rvm/gems/ruby-2.6.3/gems/capybara-3.33.0/lib/capybara/node/matchers.rb:674:in `assert_text'[0m
      [36m# /home/ec2-user/.rvm/gems/ruby-2.6.3/gems/capybara-3.33.0/lib/capybara/session.rb:759:in `block (2 levels) in <class:Session>'[0m
      [36m# /home/ec2-user/.rvm/gems/ruby-2.6.3/gems/capybara-3.33.0/lib/capybara/rspec/matchers/have_text.rb:10:in `element_matches?'[0m
      [36m# /home/ec2-user/.rvm/gems/ruby-2.6.3/gems/capybara-3.33.0/lib/capybara/rspec/matchers/base.rb:51:in `matches?'[0m
      [36m# ./spec/system/books_spec.rb:109:in `block (4 levels) in <main>'[0m

  20) æŠ•ç¨¿ã®ãƒ†ã‚¹ãƒˆ è©³ç´°ç”»é¢ã®ãƒ†ã‚¹ãƒˆ è‡ªåˆ†ãƒ»ä»–äººå…±é€šã®æŠ•ç¨¿è©³ç´°ç”»é¢ã®è¡¨ç¤ºã‚’ç¢ºèª Book detailã¨è¡¨ç¤ºã•ã‚Œã‚‹
      [31mFailure/Error: expect(page).to have_content 'Book detail'[0m
      [31m[0m
      [31mCapybara::Ambiguous:[0m
      [31m  Ambiguous match, found 2 elements matching visible xpath "/html"[0m
      [31m[0m
      [31m[0m
      [31m[0m
      [36m# /home/ec2-user/.rvm/gems/ruby-2.6.3/gems/capybara-3.33.0/lib/capybara/node/finders.rb:300:in `block in synced_resolve'[0m
      [36m# /home/ec2-user/.rvm/gems/ruby-2.6.3/gems/capybara-3.33.0/lib/capybara/node/base.rb:77:in `synchronize'[0m
      [36m# /home/ec2-user/.rvm/gems/ruby-2.6.3/gems/capybara-3.33.0/lib/capybara/node/finders.rb:291:in `synced_resolve'[0m
      [36m# /home/ec2-user/.rvm/gems/ruby-2.6.3/gems/capybara-3.33.0/lib/capybara/node/finders.rb:52:in `find'[0m
      [36m# /home/ec2-user/.rvm/gems/ruby-2.6.3/gems/capybara-3.33.0/lib/capybara/node/document.rb:24:in `text'[0m
      [36m# /home/ec2-user/.rvm/gems/ruby-2.6.3/gems/capybara-3.33.0/lib/capybara/queries/text_query.rb:108:in `text'[0m
      [36m# /home/ec2-user/.rvm/gems/ruby-2.6.3/gems/capybara-3.33.0/lib/capybara/queries/text_query.rb:29:in `resolve_for'[0m
      [36m# /home/ec2-user/.rvm/gems/ruby-2.6.3/gems/capybara-3.33.0/lib/capybara/node/matchers.rb:860:in `block in _verify_text'[0m
      [36m# /home/ec2-user/.rvm/gems/ruby-2.6.3/gems/capybara-3.33.0/lib/capybara/node/base.rb:83:in `synchronize'[0m
      [36m# /home/ec2-user/.rvm/gems/ruby-2.6.3/gems/capybara-3.33.0/lib/capybara/node/matchers.rb:859:in `_verify_text'[0m
      [36m# /home/ec2-user/.rvm/gems/ruby-2.6.3/gems/capybara-3.33.0/lib/capybara/node/matchers.rb:674:in `assert_text'[0m
      [36m# /home/ec2-user/.rvm/gems/ruby-2.6.3/gems/capybara-3.33.0/lib/capybara/session.rb:759:in `block (2 levels) in <class:Session>'[0m
      [36m# /home/ec2-user/.rvm/gems/ruby-2.6.3/gems/capybara-3.33.0/lib/capybara/rspec/matchers/have_text.rb:10:in `element_matches?'[0m
      [36m# /home/ec2-user/.rvm/gems/ruby-2.6.3/gems/capybara-3.33.0/lib/capybara/rspec/matchers/base.rb:51:in `matches?'[0m
      [36m# ./spec/system/books_spec.rb:119:in `block (4 levels) in <main>'[0m

  21) æŠ•ç¨¿ã®ãƒ†ã‚¹ãƒˆ è©³ç´°ç”»é¢ã®ãƒ†ã‚¹ãƒˆ è‡ªåˆ†ãƒ»ä»–äººå…±é€šã®æŠ•ç¨¿è©³ç´°ç”»é¢ã®è¡¨ç¤ºã‚’ç¢ºèª ãƒ¦ãƒ¼ã‚¶ãƒ¼ç”»åƒãƒ»åå‰ã®ãƒªãƒ³ã‚¯å…ˆãŒæ­£ã—ã„
      [31mFailure/Error: expect(page).to have_link book.user.name, href: user_path(book.user)[0m
      [31m  expected to find link "n21p65w05u" with href "/users/2" but there were no matches[0m
      [31m[0m
      [31m[0m
      [31m[0m
      [36m# ./spec/system/books_spec.rb:123:in `block (4 levels) in <main>'[0m

  22) æŠ•ç¨¿ã®ãƒ†ã‚¹ãƒˆ è©³ç´°ç”»é¢ã®ãƒ†ã‚¹ãƒˆ è‡ªåˆ†ãƒ»ä»–äººå…±é€šã®æŠ•ç¨¿è©³ç´°ç”»é¢ã®è¡¨ç¤ºã‚’ç¢ºèª æŠ•ç¨¿ã®titleãŒè¡¨ç¤ºã•ã‚Œã‚‹
      [31mFailure/Error: expect(page).to have_content book.title[0m
      [31m[0m
      [31mCapybara::Ambiguous:[0m
      [31m  Ambiguous match, found 2 elements matching visible xpath "/html"[0m
      [31m[0m
      [31m[0m
      [31m[0m
      [36m# /home/ec2-user/.rvm/gems/ruby-2.6.3/gems/capybara-3.33.0/lib/capybara/node/finders.rb:300:in `block in synced_resolve'[0m
      [36m# /home/ec2-user/.rvm/gems/ruby-2.6.3/gems/capybara-3.33.0/lib/capybara/node/base.rb:77:in `synchronize'[0m
      [36m# /home/ec2-user/.rvm/gems/ruby-2.6.3/gems/capybara-3.33.0/lib/capybara/node/finders.rb:291:in `synced_resolve'[0m
      [36m# /home/ec2-user/.rvm/gems/ruby-2.6.3/gems/capybara-3.33.0/lib/capybara/node/finders.rb:52:in `find'[0m
      [36m# /home/ec2-user/.rvm/gems/ruby-2.6.3/gems/capybara-3.33.0/lib/capybara/node/document.rb:24:in `text'[0m
      [36m# /home/ec2-user/.rvm/gems/ruby-2.6.3/gems/capybara-3.33.0/lib/capybara/queries/text_query.rb:108:in `text'[0m
      [36m# /home/ec2-user/.rvm/gems/ruby-2.6.3/gems/capybara-3.33.0/lib/capybara/queries/text_query.rb:29:in `resolve_for'[0m
      [36m# /home/ec2-user/.rvm/gems/ruby-2.6.3/gems/capybara-3.33.0/lib/capybara/node/matchers.rb:860:in `block in _verify_text'[0m
      [36m# /home/ec2-user/.rvm/gems/ruby-2.6.3/gems/capybara-3.33.0/lib/capybara/node/base.rb:83:in `synchronize'[0m
      [36m# /home/ec2-user/.rvm/gems/ruby-2.6.3/gems/capybara-3.33.0/lib/capybara/node/matchers.rb:859:in `_verify_text'[0m
      [36m# /home/ec2-user/.rvm/gems/ruby-2.6.3/gems/capybara-3.33.0/lib/capybara/node/matchers.rb:674:in `assert_text'[0m
      [36m# /home/ec2-user/.rvm/gems/ruby-2.6.3/gems/capybara-3.33.0/lib/capybara/session.rb:759:in `block (2 levels) in <class:Session>'[0m
      [36m# /home/ec2-user/.rvm/gems/ruby-2.6.3/gems/capybara-3.33.0/lib/capybara/rspec/matchers/have_text.rb:10:in `element_matches?'[0m
      [36m# /home/ec2-user/.rvm/gems/ruby-2.6.3/gems/capybara-3.33.0/lib/capybara/rspec/matchers/base.rb:51:in `matches?'[0m
      [36m# ./spec/system/books_spec.rb:127:in `block (4 levels) in <main>'[0m

  23) æŠ•ç¨¿ã®ãƒ†ã‚¹ãƒˆ è©³ç´°ç”»é¢ã®ãƒ†ã‚¹ãƒˆ è‡ªåˆ†ãƒ»ä»–äººå…±é€šã®æŠ•ç¨¿è©³ç´°ç”»é¢ã®è¡¨ç¤ºã‚’ç¢ºèª æŠ•ç¨¿ã®opinionãŒè¡¨ç¤ºã•ã‚Œã‚‹
      [31mFailure/Error: expect(page).to have_content book.body[0m
      [31m[0m
      [31mCapybara::Ambiguous:[0m
      [31m  Ambiguous match, found 2 elements matching visible xpath "/html"[0m
      [31m[0m
      [31m[0m
      [31m[0m
      [36m# /home/ec2-user/.rvm/gems/ruby-2.6.3/gems/capybara-3.33.0/lib/capybara/node/finders.rb:300:in `block in synced_resolve'[0m
      [36m# /home/ec2-user/.rvm/gems/ruby-2.6.3/gems/capybara-3.33.0/lib/capybara/node/base.rb:77:in `synchronize'[0m
      [36m# /home/ec2-user/.rvm/gems/ruby-2.6.3/gems/capybara-3.33.0/lib/capybara/node/finders.rb:291:in `synced_resolve'[0m
      [36m# /home/ec2-user/.rvm/gems/ruby-2.6.3/gems/capybara-3.33.0/lib/capybara/node/finders.rb:52:in `find'[0m
      [36m# /home/ec2-user/.rvm/gems/ruby-2.6.3/gems/capybara-3.33.0/lib/capybara/node/document.rb:24:in `text'[0m
      [36m# /home/ec2-user/.rvm/gems/ruby-2.6.3/gems/capybara-3.33.0/lib/capybara/queries/text_query.rb:108:in `text'[0m
      [36m# /home/ec2-user/.rvm/gems/ruby-2.6.3/gems/capybara-3.33.0/lib/capybara/queries/text_query.rb:29:in `resolve_for'[0m
      [36m# /home/ec2-user/.rvm/gems/ruby-2.6.3/gems/capybara-3.33.0/lib/capybara/node/matchers.rb:860:in `block in _verify_text'[0m
      [36m# /home/ec2-user/.rvm/gems/ruby-2.6.3/gems/capybara-3.33.0/lib/capybara/node/base.rb:83:in `synchronize'[0m
      [36m# /home/ec2-user/.rvm/gems/ruby-2.6.3/gems/capybara-3.33.0/lib/capybara/node/matchers.rb:859:in `_verify_text'[0m
      [36m# /home/ec2-user/.rvm/gems/ruby-2.6.3/gems/capybara-3.33.0/lib/capybara/node/matchers.rb:674:in `assert_text'[0m
      [36m# /home/ec2-user/.rvm/gems/ruby-2.6.3/gems/capybara-3.33.0/lib/capybara/session.rb:759:in `block (2 levels) in <class:Session>'[0m
      [36m# /home/ec2-user/.rvm/gems/ruby-2.6.3/gems/capybara-3.33.0/lib/capybara/rspec/matchers/have_text.rb:10:in `element_matches?'[0m
      [36m# /home/ec2-user/.rvm/gems/ruby-2.6.3/gems/capybara-3.33.0/lib/capybara/rspec/matchers/base.rb:51:in `matches?'[0m
      [36m# ./spec/system/books_spec.rb:131:in `block (4 levels) in <main>'[0m

  24) æŠ•ç¨¿ã®ãƒ†ã‚¹ãƒˆ è©³ç´°ç”»é¢ã®ãƒ†ã‚¹ãƒˆ è‡ªåˆ†ã®æŠ•ç¨¿è©³ç´°ç”»é¢ã®è¡¨ç¤ºã‚’ç¢ºèª æŠ•ç¨¿ã®ç·¨é›†ãƒªãƒ³ã‚¯ãŒè¡¨ç¤ºã•ã‚Œã‚‹
      [31mFailure/Error: expect(page).to have_link 'Edit', href: edit_book_path(book)[0m
      [31m  expected to find link "Edit" with href "/books/1/edit" but there were no matches[0m
      [31m[0m
      [31m[0m
      [31m[0m
      [36m# ./spec/system/books_spec.rb:137:in `block (4 levels) in <main>'[0m

  25) æŠ•ç¨¿ã®ãƒ†ã‚¹ãƒˆ è©³ç´°ç”»é¢ã®ãƒ†ã‚¹ãƒˆ è‡ªåˆ†ã®æŠ•ç¨¿è©³ç´°ç”»é¢ã®è¡¨ç¤ºã‚’ç¢ºèª æŠ•ç¨¿ã®å‰Šé™¤ãƒªãƒ³ã‚¯ãŒè¡¨ç¤ºã•ã‚Œã‚‹
      [31mFailure/Error: expect(page).to have_link 'Destroy', href: book_path(book)[0m
      [31m  expected to find link "Destroy" with href "/books/1" but there were no matches[0m
      [31m[0m
      [31m[0m
      [31m[0m
      [36m# ./spec/system/books_spec.rb:141:in `block (4 levels) in <main>'[0m

  26) bootstrapã®ãƒ†ã‚¹ãƒˆ ã‚°ãƒªãƒƒãƒ‰ã‚·ã‚¹ãƒ†ãƒ ã®ãƒ†ã‚¹ãƒˆ ãƒ¦ãƒ¼ã‚¶ãƒ¼é–¢é€£ç”»é¢ ä¸€è¦§ç”»é¢
      [31mFailure/Error: expect(page).to have_selector('.container .row .col-xs-9')[0m
      [31m  expected to find css ".container .row .col-xs-9" but there were no matches[0m
      [31m[0m
      [31m[0m
      [31m[0m
      [36m# ./spec/system/bootstrap_spec.rb:17:in `block (4 levels) in <main>'[0m

  27) bootstrapã®ãƒ†ã‚¹ãƒˆ ã‚°ãƒªãƒƒãƒ‰ã‚·ã‚¹ãƒ†ãƒ ã®ãƒ†ã‚¹ãƒˆ ãƒ¦ãƒ¼ã‚¶ãƒ¼é–¢é€£ç”»é¢ è©³ç´°ç”»é¢
      [31mFailure/Error: expect(page).to have_selector('.container .row .col-xs-9')[0m
      [31m  expected to find css ".container .row .col-xs-9" but there were no matches[0m
      [31m[0m
      [31m[0m
      [31m[0m
      [36m# ./spec/system/bootstrap_spec.rb:22:in `block (4 levels) in <main>'[0m

  28) bootstrapã®ãƒ†ã‚¹ãƒˆ ã‚°ãƒªãƒƒãƒ‰ã‚·ã‚¹ãƒ†ãƒ ã®ãƒ†ã‚¹ãƒˆ æŠ•ç¨¿é–¢é€£ç”»é¢ ä¸€è¦§ç”»é¢
      [31mFailure/Error: expect(page).to have_selector('.container .row .col-xs-9')[0m
      [31m  expected to find css ".container .row .col-xs-9" but there were no matches[0m
      [31m[0m
      [31m[0m
      [31m[0m
      [36m# ./spec/system/bootstrap_spec.rb:29:in `block (4 levels) in <main>'[0m

  29) bootstrapã®ãƒ†ã‚¹ãƒˆ ã‚°ãƒªãƒƒãƒ‰ã‚·ã‚¹ãƒ†ãƒ ã®ãƒ†ã‚¹ãƒˆ æŠ•ç¨¿é–¢é€£ç”»é¢ è©³ç´°ç”»é¢
      [31mFailure/Error: expect(page).to have_selector('.container .row .col-xs-9')[0m
      [31m  expected to find css ".container .row .col-xs-9" but there were no matches[0m
      [31m[0m
      [31m[0m
      [31m[0m
      [36m# ./spec/system/bootstrap_spec.rb:34:in `block (4 levels) in <main>'[0m

  30) ãƒ˜ãƒƒãƒ€ãƒ¼ã®ãƒ†ã‚¹ãƒˆ ãƒ­ã‚°ã‚¤ãƒ³ã—ã¦ã„ãªã„å ´åˆ ãƒ˜ãƒƒãƒ€ãƒ¼ã®è¡¨ç¤ºã‚’ç¢ºèª ã‚¿ã‚¤ãƒˆãƒ«ãŒè¡¨ç¤ºã•ã‚Œã‚‹
      [31mFailure/Error: is_expected.to have_content 'Bookers'[0m
      [31m[0m
      [31mCapybara::Ambiguous:[0m
      [31m  Ambiguous match, found 2 elements matching visible xpath "/html"[0m
      [31m[0m
      [31m[0m
      [31m[0m
      [36m# /home/ec2-user/.rvm/gems/ruby-2.6.3/gems/capybara-3.33.0/lib/capybara/node/finders.rb:300:in `block in synced_resolve'[0m
      [36m# /home/ec2-user/.rvm/gems/ruby-2.6.3/gems/capybara-3.33.0/lib/capybara/node/base.rb:77:in `synchronize'[0m
      [36m# /home/ec2-user/.rvm/gems/ruby-2.6.3/gems/capybara-3.33.0/lib/capybara/node/finders.rb:291:in `synced_resolve'[0m
      [36m# /home/ec2-user/.rvm/gems/ruby-2.6.3/gems/capybara-3.33.0/lib/capybara/node/finders.rb:52:in `find'[0m
      [36m# /home/ec2-user/.rvm/gems/ruby-2.6.3/gems/capybara-3.33.0/lib/capybara/node/document.rb:24:in `text'[0m
      [36m# /home/ec2-user/.rvm/gems/ruby-2.6.3/gems/capybara-3.33.0/lib/capybara/queries/text_query.rb:108:in `text'[0m
      [36m# /home/ec2-user/.rvm/gems/ruby-2.6.3/gems/capybara-3.33.0/lib/capybara/queries/text_query.rb:29:in `resolve_for'[0m
      [36m# /home/ec2-user/.rvm/gems/ruby-2.6.3/gems/capybara-3.33.0/lib/capybara/node/matchers.rb:860:in `block in _verify_text'[0m
      [36m# /home/ec2-user/.rvm/gems/ruby-2.6.3/gems/capybara-3.33.0/lib/capybara/node/base.rb:83:in `synchronize'[0m
      [36m# /home/ec2-user/.rvm/gems/ruby-2.6.3/gems/capybara-3.33.0/lib/capybara/node/matchers.rb:859:in `_verify_text'[0m
      [36m# /home/ec2-user/.rvm/gems/ruby-2.6.3/gems/capybara-3.33.0/lib/capybara/node/matchers.rb:674:in `assert_text'[0m
      [36m# /home/ec2-user/.rvm/gems/ruby-2.6.3/gems/capybara-3.33.0/lib/capybara/session.rb:759:in `block (2 levels) in <class:Session>'[0m
      [36m# /home/ec2-user/.rvm/gems/ruby-2.6.3/gems/capybara-3.33.0/lib/capybara/rspec/matchers/have_text.rb:10:in `element_matches?'[0m
      [36m# /home/ec2-user/.rvm/gems/ruby-2.6.3/gems/capybara-3.33.0/lib/capybara/rspec/matchers/base.rb:51:in `matches?'[0m
      [36m# ./spec/system/header_spec.rb:11:in `block (4 levels) in <main>'[0m

  31) ãƒ˜ãƒƒãƒ€ãƒ¼ã®ãƒ†ã‚¹ãƒˆ ãƒ­ã‚°ã‚¤ãƒ³ã—ã¦ã„ã‚‹å ´åˆ ãƒ˜ãƒƒãƒ€ãƒ¼ã®è¡¨ç¤ºã‚’ç¢ºèª ã‚¿ã‚¤ãƒˆãƒ«ãŒè¡¨ç¤ºã•ã‚Œã‚‹
      [31mFailure/Error: is_expected.to have_content 'Bookers'[0m
      [31m[0m
      [31mCapybara::Ambiguous:[0m
      [31m  Ambiguous match, found 2 elements matching visible xpath "/html"[0m
      [31m[0m
      [31m[0m
      [31m[0m
      [36m# /home/ec2-user/.rvm/gems/ruby-2.6.3/gems/capybara-3.33.0/lib/capybara/node/finders.rb:300:in `block in synced_resolve'[0m
      [36m# /home/ec2-user/.rvm/gems/ruby-2.6.3/gems/capybara-3.33.0/lib/capybara/node/base.rb:77:in `synchronize'[0m
      [36m# /home/ec2-user/.rvm/gems/ruby-2.6.3/gems/capybara-3.33.0/lib/capybara/node/finders.rb:291:in `synced_resolve'[0m
      [36m# /home/ec2-user/.rvm/gems/ruby-2.6.3/gems/capybara-3.33.0/lib/capybara/node/finders.rb:52:in `find'[0m
      [36m# /home/ec2-user/.rvm/gems/ruby-2.6.3/gems/capybara-3.33.0/lib/capybara/node/document.rb:24:in `text'[0m
      [36m# /home/ec2-user/.rvm/gems/ruby-2.6.3/gems/capybara-3.33.0/lib/capybara/queries/text_query.rb:108:in `text'[0m
      [36m# /home/ec2-user/.rvm/gems/ruby-2.6.3/gems/capybara-3.33.0/lib/capybara/queries/text_query.rb:29:in `resolve_for'[0m
      [36m# /home/ec2-user/.rvm/gems/ruby-2.6.3/gems/capybara-3.33.0/lib/capybara/node/matchers.rb:860:in `block in _verify_text'[0m
      [36m# /home/ec2-user/.rvm/gems/ruby-2.6.3/gems/capybara-3.33.0/lib/capybara/node/base.rb:83:in `synchronize'[0m
      [36m# /home/ec2-user/.rvm/gems/ruby-2.6.3/gems/capybara-3.33.0/lib/capybara/node/matchers.rb:859:in `_verify_text'[0m
      [36m# /home/ec2-user/.rvm/gems/ruby-2.6.3/gems/capybara-3.33.0/lib/capybara/node/matchers.rb:674:in `assert_text'[0m
      [36m# /home/ec2-user/.rvm/gems/ruby-2.6.3/gems/capybara-3.33.0/lib/capybara/session.rb:759:in `block (2 levels) in <class:Session>'[0m
      [36m# /home/ec2-user/.rvm/gems/ruby-2.6.3/gems/capybara-3.33.0/lib/capybara/rspec/matchers/have_text.rb:10:in `element_matches?'[0m
      [36m# /home/ec2-user/.rvm/gems/ruby-2.6.3/gems/capybara-3.33.0/lib/capybara/rspec/matchers/base.rb:51:in `matches?'[0m
      [36m# ./spec/system/header_spec.rb:75:in `block (4 levels) in <main>'[0m

  32) ãƒ˜ãƒƒãƒ€ãƒ¼ã®ãƒ†ã‚¹ãƒˆ ãƒ­ã‚°ã‚¤ãƒ³ã—ã¦ã„ã‚‹å ´åˆ ãƒ˜ãƒƒãƒ€ãƒ¼ã®è¡¨ç¤ºã‚’ç¢ºèª Usersãƒªãƒ³ã‚¯ãŒè¡¨ç¤ºã•ã‚Œã‚‹
      [31mFailure/Error: expect(users_link).to match(/users/i)[0m
      [31m[0m
      [31m  expected " About" to match /users/i[0m
      [31m  Diff:[0m[0m
      [31m  [0m[34m@@ -1 +1 @@[0m
      [31m  [0m[31m-/users/i[0m
      [31m  [0m[32m+" About"[0m
      [31m  [0m[0m
      [31m[0m
      [31m[0m
      [31m[0m
      [36m# ./spec/system/header_spec.rb:83:in `block (4 levels) in <main>'[0m

  33) ãƒ˜ãƒƒãƒ€ãƒ¼ã®ãƒ†ã‚¹ãƒˆ ãƒ­ã‚°ã‚¤ãƒ³ã—ã¦ã„ã‚‹å ´åˆ ãƒ˜ãƒƒãƒ€ãƒ¼ã®è¡¨ç¤ºã‚’ç¢ºèª Booksãƒªãƒ³ã‚¯ãŒè¡¨ç¤ºã•ã‚Œã‚‹
      [31mFailure/Error: expect(books_link).to match(/books/i)[0m
      [31m[0m
      [31m  expected " sign up" to match /books/i[0m
      [31m  Diff:[0m[0m
      [31m  [0m[34m@@ -1 +1 @@[0m
      [31m  [0m[31m-/books/i[0m
      [31m  [0m[32m+" sign up"[0m
      [31m  [0m[0m
      [31m[0m
      [31m[0m
      [31m[0m
      [36m# ./spec/system/header_spec.rb:87:in `block (4 levels) in <main>'[0m

  34) ãƒ˜ãƒƒãƒ€ãƒ¼ã®ãƒ†ã‚¹ãƒˆ ãƒ­ã‚°ã‚¤ãƒ³ã—ã¦ã„ã‚‹å ´åˆ ãƒ˜ãƒƒãƒ€ãƒ¼ã®è¡¨ç¤ºã‚’ç¢ºèª logoutãƒªãƒ³ã‚¯ãŒè¡¨ç¤ºã•ã‚Œã‚‹
      [31mFailure/Error: expect(logout_link).to match(/logout/i)[0m
      [31m[0m
      [31m  expected " login" to match /logout/i[0m
      [31m  Diff:[0m[0m
      [31m  [0m[34m@@ -1 +1 @@[0m
      [31m  [0m[31m-/logout/i[0m
      [31m  [0m[32m+" login"[0m
      [31m  [0m[0m
      [31m[0m
      [31m[0m
      [31m[0m
      [36m# ./spec/system/header_spec.rb:91:in `block (4 levels) in <main>'[0m

  35) ãƒ˜ãƒƒãƒ€ãƒ¼ã®ãƒ†ã‚¹ãƒˆ ãƒ­ã‚°ã‚¤ãƒ³ã—ã¦ã„ã‚‹å ´åˆ ãƒ˜ãƒƒãƒ€ãƒ¼ã®ãƒªãƒ³ã‚¯ã‚’ç¢ºèª Homeç”»é¢ã«é·ç§»ã™ã‚‹
      [31mFailure/Error: is_expected.to eq('/users/'+user.id.to_s)[0m
      [31m[0m
      [31m  expected: "/users/1"[0m
      [31m       got: "/"[0m
      [31m[0m
      [31m  (compared using ==)[0m
      [31m[0m
      [31m[0m
      [31m[0m
      [36m# ./spec/system/header_spec.rb:101:in `block (4 levels) in <main>'[0m

  36) ãƒ˜ãƒƒãƒ€ãƒ¼ã®ãƒ†ã‚¹ãƒˆ ãƒ­ã‚°ã‚¤ãƒ³ã—ã¦ã„ã‚‹å ´åˆ ãƒ˜ãƒƒãƒ€ãƒ¼ã®ãƒªãƒ³ã‚¯ã‚’ç¢ºèª Usersç”»é¢ã«é·ç§»ã™ã‚‹
      [31mFailure/Error: is_expected.to eq('/users')[0m
      [31m[0m
      [31m  expected: "/users"[0m
      [31m       got: "/home/about"[0m
      [31m[0m
      [31m  (compared using ==)[0m
      [31m[0m
      [31m[0m
      [31m[0m
      [36m# ./spec/system/header_spec.rb:107:in `block (4 levels) in <main>'[0m

  37) ãƒ˜ãƒƒãƒ€ãƒ¼ã®ãƒ†ã‚¹ãƒˆ ãƒ­ã‚°ã‚¤ãƒ³ã—ã¦ã„ã‚‹å ´åˆ ãƒ˜ãƒƒãƒ€ãƒ¼ã®ãƒªãƒ³ã‚¯ã‚’ç¢ºèª Booksç”»é¢ã«é·ç§»ã™ã‚‹
      [31mFailure/Error: is_expected.to eq('/books')[0m
      [31m[0m
      [31m  expected: "/books"[0m
      [31m       got: "/users/sign_up"[0m
      [31m[0m
      [31m  (compared using ==)[0m
      [31m[0m
      [31m[0m
      [31m[0m
      [36m# ./spec/system/header_spec.rb:113:in `block (4 levels) in <main>'[0m

  38) ãƒ˜ãƒƒãƒ€ãƒ¼ã®ãƒ†ã‚¹ãƒˆ ãƒ­ã‚°ã‚¤ãƒ³ã—ã¦ã„ã‚‹å ´åˆ ãƒ˜ãƒƒãƒ€ãƒ¼ã®ãƒªãƒ³ã‚¯ã‚’ç¢ºèª logoutã™ã‚‹
      [31mFailure/Error: expect(page).to have_content 'Signed out successfully.'[0m
      [31m[0m
      [31mCapybara::Ambiguous:[0m
      [31m  Ambiguous match, found 2 elements matching visible xpath "/html"[0m
      [31m[0m
      [31m[0m
      [31m[0m
      [36m# /home/ec2-user/.rvm/gems/ruby-2.6.3/gems/capybara-3.33.0/lib/capybara/node/finders.rb:300:in `block in synced_resolve'[0m
      [36m# /home/ec2-user/.rvm/gems/ruby-2.6.3/gems/capybara-3.33.0/lib/capybara/node/base.rb:77:in `synchronize'[0m
      [36m# /home/ec2-user/.rvm/gems/ruby-2.6.3/gems/capybara-3.33.0/lib/capybara/node/finders.rb:291:in `synced_resolve'[0m
      [36m# /home/ec2-user/.rvm/gems/ruby-2.6.3/gems/capybara-3.33.0/lib/capybara/node/finders.rb:52:in `find'[0m
      [36m# /home/ec2-user/.rvm/gems/ruby-2.6.3/gems/capybara-3.33.0/lib/capybara/node/document.rb:24:in `text'[0m
      [36m# /home/ec2-user/.rvm/gems/ruby-2.6.3/gems/capybara-3.33.0/lib/capybara/queries/text_query.rb:108:in `text'[0m
      [36m# /home/ec2-user/.rvm/gems/ruby-2.6.3/gems/capybara-3.33.0/lib/capybara/queries/text_query.rb:29:in `resolve_for'[0m
      [36m# /home/ec2-user/.rvm/gems/ruby-2.6.3/gems/capybara-3.33.0/lib/capybara/node/matchers.rb:860:in `block in _verify_text'[0m
      [36m# /home/ec2-user/.rvm/gems/ruby-2.6.3/gems/capybara-3.33.0/lib/capybara/node/base.rb:83:in `synchronize'[0m
      [36m# /home/ec2-user/.rvm/gems/ruby-2.6.3/gems/capybara-3.33.0/lib/capybara/node/matchers.rb:859:in `_verify_text'[0m
      [36m# /home/ec2-user/.rvm/gems/ruby-2.6.3/gems/capybara-3.33.0/lib/capybara/node/matchers.rb:674:in `assert_text'[0m
      [36m# /home/ec2-user/.rvm/gems/ruby-2.6.3/gems/capybara-3.33.0/lib/capybara/session.rb:759:in `block (2 levels) in <class:Session>'[0m
      [36m# /home/ec2-user/.rvm/gems/ruby-2.6.3/gems/capybara-3.33.0/lib/capybara/rspec/matchers/have_text.rb:10:in `element_matches?'[0m
      [36m# /home/ec2-user/.rvm/gems/ruby-2.6.3/gems/capybara-3.33.0/lib/capybara/rspec/matchers/base.rb:51:in `matches?'[0m
      [36m# ./spec/system/header_spec.rb:119:in `block (4 levels) in <main>'[0m

  39) ãƒˆãƒƒãƒ—ãƒšãƒ¼ã‚¸ã®ãƒ†ã‚¹ãƒˆ ãƒœãƒ‡ã‚£éƒ¨åˆ†ã®ãƒ†ã‚¹ãƒˆ ãƒ­ã‚°ã‚¤ãƒ³ã—ã¦ã„ã‚‹å ´åˆã®æŒ™å‹•ã‚’ç¢ºèª Log inãƒªãƒ³ã‚¯ã‚’ã‚¯ãƒªãƒƒã‚¯ã—ãŸã‚‰ãƒ¦ãƒ¼ã‚¶ãƒ¼è©³ç´°ç”»é¢ã¸é·ç§»ã™ã‚‹
      [31mFailure/Error: expect(page).to have_content 'User info'[0m
      [31m[0m
      [31mCapybara::Ambiguous:[0m
      [31m  Ambiguous match, found 2 elements matching visible xpath "/html"[0m
      [31m[0m
      [31m[0m
      [31m[0m
      [36m# /home/ec2-user/.rvm/gems/ruby-2.6.3/gems/capybara-3.33.0/lib/capybara/node/finders.rb:300:in `block in synced_resolve'[0m
      [36m# /home/ec2-user/.rvm/gems/ruby-2.6.3/gems/capybara-3.33.0/lib/capybara/node/base.rb:77:in `synchronize'[0m
      [36m# /home/ec2-user/.rvm/gems/ruby-2.6.3/gems/capybara-3.33.0/lib/capybara/node/finders.rb:291:in `synced_resolve'[0m
      [36m# /home/ec2-user/.rvm/gems/ruby-2.6.3/gems/capybara-3.33.0/lib/capybara/node/finders.rb:52:in `find'[0m
      [36m# /home/ec2-user/.rvm/gems/ruby-2.6.3/gems/capybara-3.33.0/lib/capybara/node/document.rb:24:in `text'[0m
      [36m# /home/ec2-user/.rvm/gems/ruby-2.6.3/gems/capybara-3.33.0/lib/capybara/queries/text_query.rb:108:in `text'[0m
      [36m# /home/ec2-user/.rvm/gems/ruby-2.6.3/gems/capybara-3.33.0/lib/capybara/queries/text_query.rb:29:in `resolve_for'[0m
      [36m# /home/ec2-user/.rvm/gems/ruby-2.6.3/gems/capybara-3.33.0/lib/capybara/node/matchers.rb:860:in `block in _verify_text'[0m
      [36m# /home/ec2-user/.rvm/gems/ruby-2.6.3/gems/capybara-3.33.0/lib/capybara/node/base.rb:83:in `synchronize'[0m
      [36m# /home/ec2-user/.rvm/gems/ruby-2.6.3/gems/capybara-3.33.0/lib/capybara/node/matchers.rb:859:in `_verify_text'[0m
      [36m# /home/ec2-user/.rvm/gems/ruby-2.6.3/gems/capybara-3.33.0/lib/capybara/node/matchers.rb:674:in `assert_text'[0m
      [36m# /home/ec2-user/.rvm/gems/ruby-2.6.3/gems/capybara-3.33.0/lib/capybara/session.rb:759:in `block (2 levels) in <class:Session>'[0m
      [36m# /home/ec2-user/.rvm/gems/ruby-2.6.3/gems/capybara-3.33.0/lib/capybara/rspec/matchers/have_text.rb:10:in `element_matches?'[0m
      [36m# /home/ec2-user/.rvm/gems/ruby-2.6.3/gems/capybara-3.33.0/lib/capybara/rspec/matchers/base.rb:51:in `matches?'[0m
      [36m# ./spec/system/top_spec.rb:33:in `block (4 levels) in <main>'[0m

  40) ãƒˆãƒƒãƒ—ãƒšãƒ¼ã‚¸ã®ãƒ†ã‚¹ãƒˆ ãƒœãƒ‡ã‚£éƒ¨åˆ†ã®ãƒ†ã‚¹ãƒˆ ãƒ­ã‚°ã‚¤ãƒ³ã—ã¦ã„ã‚‹å ´åˆã®æŒ™å‹•ã‚’ç¢ºèª Sign Upãƒªãƒ³ã‚¯ã‚’ã‚¯ãƒªãƒƒã‚¯ã—ãŸã‚‰ãƒ¦ãƒ¼ã‚¶ãƒ¼è©³ç´°ç”»é¢ã«é·ç§»ã™ã‚‹
      [31mFailure/Error: expect(page).to have_content 'User info'[0m
      [31m[0m
      [31mCapybara::Ambiguous:[0m
      [31m  Ambiguous match, found 2 elements matching visible xpath "/html"[0m
      [31m[0m
      [31m[0m
      [31m[0m
      [36m# /home/ec2-user/.rvm/gems/ruby-2.6.3/gems/capybara-3.33.0/lib/capybara/node/finders.rb:300:in `block in synced_resolve'[0m
      [36m# /home/ec2-user/.rvm/gems/ruby-2.6.3/gems/capybara-3.33.0/lib/capybara/node/base.rb:77:in `synchronize'[0m
      [36m# /home/ec2-user/.rvm/gems/ruby-2.6.3/gems/capybara-3.33.0/lib/capybara/node/finders.rb:291:in `synced_resolve'[0m
      [36m# /home/ec2-user/.rvm/gems/ruby-2.6.3/gems/capybara-3.33.0/lib/capybara/node/finders.rb:52:in `find'[0m
      [36m# /home/ec2-user/.rvm/gems/ruby-2.6.3/gems/capybara-3.33.0/lib/capybara/node/document.rb:24:in `text'[0m
      [36m# /home/ec2-user/.rvm/gems/ruby-2.6.3/gems/capybara-3.33.0/lib/capybara/queries/text_query.rb:108:in `text'[0m
      [36m# /home/ec2-user/.rvm/gems/ruby-2.6.3/gems/capybara-3.33.0/lib/capybara/queries/text_query.rb:29:in `resolve_for'[0m
      [36m# /home/ec2-user/.rvm/gems/ruby-2.6.3/gems/capybara-3.33.0/lib/capybara/node/matchers.rb:860:in `block in _verify_text'[0m
      [36m# /home/ec2-user/.rvm/gems/ruby-2.6.3/gems/capybara-3.33.0/lib/capybara/node/base.rb:83:in `synchronize'[0m
      [36m# /home/ec2-user/.rvm/gems/ruby-2.6.3/gems/capybara-3.33.0/lib/capybara/node/matchers.rb:859:in `_verify_text'[0m
      [36m# /home/ec2-user/.rvm/gems/ruby-2.6.3/gems/capybara-3.33.0/lib/capybara/node/matchers.rb:674:in `assert_text'[0m
      [36m# /home/ec2-user/.rvm/gems/ruby-2.6.3/gems/capybara-3.33.0/lib/capybara/session.rb:759:in `block (2 levels) in <class:Session>'[0m
      [36m# /home/ec2-user/.rvm/gems/ruby-2.6.3/gems/capybara-3.33.0/lib/capybara/rspec/matchers/have_text.rb:10:in `element_matches?'[0m
      [36m# /home/ec2-user/.rvm/gems/ruby-2.6.3/gems/capybara-3.33.0/lib/capybara/rspec/matchers/base.rb:51:in `matches?'[0m
      [36m# ./spec/system/top_spec.rb:38:in `block (4 levels) in <main>'[0m

  41) ãƒ¦ãƒ¼ã‚¶ãƒ¼èªè¨¼ã®ãƒ†ã‚¹ãƒˆ ãƒ¦ãƒ¼ã‚¶ãƒ¼æ–°è¦ç™»éŒ² æ–°è¦ç™»éŒ²ç”»é¢ã«é·ç§» æ–°è¦ç™»éŒ²ã«æˆåŠŸã™ã‚‹
      [31mFailure/Error: expect(page).to have_content 'successfully'[0m
      [31m[0m
      [31mCapybara::Ambiguous:[0m
      [31m  Ambiguous match, found 2 elements matching visible xpath "/html"[0m
      [31m[0m
      [31m[0m
      [31m[0m
      [36m# /home/ec2-user/.rvm/gems/ruby-2.6.3/gems/capybara-3.33.0/lib/capybara/node/finders.rb:300:in `block in synced_resolve'[0m
      [36m# /home/ec2-user/.rvm/gems/ruby-2.6.3/gems/capybara-3.33.0/lib/capybara/node/base.rb:77:in `synchronize'[0m
      [36m# /home/ec2-user/.rvm/gems/ruby-2.6.3/gems/capybara-3.33.0/lib/capybara/node/finders.rb:291:in `synced_resolve'[0m
      [36m# /home/ec2-user/.rvm/gems/ruby-2.6.3/gems/capybara-3.33.0/lib/capybara/node/finders.rb:52:in `find'[0m
      [36m# /home/ec2-user/.rvm/gems/ruby-2.6.3/gems/capybara-3.33.0/lib/capybara/node/document.rb:24:in `text'[0m
      [36m# /home/ec2-user/.rvm/gems/ruby-2.6.3/gems/capybara-3.33.0/lib/capybara/queries/text_query.rb:108:in `text'[0m
      [36m# /home/ec2-user/.rvm/gems/ruby-2.6.3/gems/capybara-3.33.0/lib/capybara/queries/text_query.rb:29:in `resolve_for'[0m
      [36m# /home/ec2-user/.rvm/gems/ruby-2.6.3/gems/capybara-3.33.0/lib/capybara/node/matchers.rb:860:in `block in _verify_text'[0m
      [36m# /home/ec2-user/.rvm/gems/ruby-2.6.3/gems/capybara-3.33.0/lib/capybara/node/base.rb:83:in `synchronize'[0m
      [36m# /home/ec2-user/.rvm/gems/ruby-2.6.3/gems/capybara-3.33.0/lib/capybara/node/matchers.rb:859:in `_verify_text'[0m
      [36m# /home/ec2-user/.rvm/gems/ruby-2.6.3/gems/capybara-3.33.0/lib/capybara/node/matchers.rb:674:in `assert_text'[0m
      [36m# /home/ec2-user/.rvm/gems/ruby-2.6.3/gems/capybara-3.33.0/lib/capybara/session.rb:759:in `block (2 levels) in <class:Session>'[0m
      [36m# /home/ec2-user/.rvm/gems/ruby-2.6.3/gems/capybara-3.33.0/lib/capybara/rspec/matchers/have_text.rb:10:in `element_matches?'[0m
      [36m# /home/ec2-user/.rvm/gems/ruby-2.6.3/gems/capybara-3.33.0/lib/capybara/rspec/matchers/base.rb:51:in `matches?'[0m
      [36m# ./spec/system/users_spec.rb:16:in `block (4 levels) in <main>'[0m

  42) ãƒ¦ãƒ¼ã‚¶ãƒ¼èªè¨¼ã®ãƒ†ã‚¹ãƒˆ ãƒ¦ãƒ¼ã‚¶ãƒ¼æ–°è¦ç™»éŒ² æ–°è¦ç™»éŒ²ç”»é¢ã«é·ç§» æ–°è¦ç™»éŒ²ã«å¤±æ•—ã™ã‚‹
      [31mFailure/Error: expect(page).to have_content 'error'[0m
      [31m[0m
      [31mCapybara::Ambiguous:[0m
      [31m  Ambiguous match, found 2 elements matching visible xpath "/html"[0m
      [31m[0m
      [31m[0m
      [31m[0m
      [36m# /home/ec2-user/.rvm/gems/ruby-2.6.3/gems/capybara-3.33.0/lib/capybara/node/finders.rb:300:in `block in synced_resolve'[0m
      [36m# /home/ec2-user/.rvm/gems/ruby-2.6.3/gems/capybara-3.33.0/lib/capybara/node/base.rb:77:in `synchronize'[0m
      [36m# /home/ec2-user/.rvm/gems/ruby-2.6.3/gems/capybara-3.33.0/lib/capybara/node/finders.rb:291:in `synced_resolve'[0m
      [36m# /home/ec2-user/.rvm/gems/ruby-2.6.3/gems/capybara-3.33.0/lib/capybara/node/finders.rb:52:in `find'[0m
      [36m# /home/ec2-user/.rvm/gems/ruby-2.6.3/gems/capybara-3.33.0/lib/capybara/node/document.rb:24:in `text'[0m
      [36m# /home/ec2-user/.rvm/gems/ruby-2.6.3/gems/capybara-3.33.0/lib/capybara/queries/text_query.rb:108:in `text'[0m
      [36m# /home/ec2-user/.rvm/gems/ruby-2.6.3/gems/capybara-3.33.0/lib/capybara/queries/text_query.rb:29:in `resolve_for'[0m
      [36m# /home/ec2-user/.rvm/gems/ruby-2.6.3/gems/capybara-3.33.0/lib/capybara/node/matchers.rb:860:in `block in _verify_text'[0m
      [36m# /home/ec2-user/.rvm/gems/ruby-2.6.3/gems/capybara-3.33.0/lib/capybara/node/base.rb:83:in `synchronize'[0m
      [36m# /home/ec2-user/.rvm/gems/ruby-2.6.3/gems/capybara-3.33.0/lib/capybara/node/matchers.rb:859:in `_verify_text'[0m
      [36m# /home/ec2-user/.rvm/gems/ruby-2.6.3/gems/capybara-3.33.0/lib/capybara/node/matchers.rb:674:in `assert_text'[0m
      [36m# /home/ec2-user/.rvm/gems/ruby-2.6.3/gems/capybara-3.33.0/lib/capybara/session.rb:759:in `block (2 levels) in <class:Session>'[0m
      [36m# /home/ec2-user/.rvm/gems/ruby-2.6.3/gems/capybara-3.33.0/lib/capybara/rspec/matchers/have_text.rb:10:in `element_matches?'[0m
      [36m# /home/ec2-user/.rvm/gems/ruby-2.6.3/gems/capybara-3.33.0/lib/capybara/rspec/matchers/base.rb:51:in `matches?'[0m
      [36m# ./spec/system/users_spec.rb:25:in `block (4 levels) in <main>'[0m

  43) ãƒ¦ãƒ¼ã‚¶ãƒ¼èªè¨¼ã®ãƒ†ã‚¹ãƒˆ ãƒ¦ãƒ¼ã‚¶ãƒ¼ãƒ­ã‚°ã‚¤ãƒ³ ãƒ­ã‚°ã‚¤ãƒ³ç”»é¢ã«é·ç§» ãƒ­ã‚°ã‚¤ãƒ³ã«æˆåŠŸã™ã‚‹
      [31mFailure/Error: expect(page).to have_content 'successfully'[0m
      [31m[0m
      [31mCapybara::Ambiguous:[0m
      [31m  Ambiguous match, found 2 elements matching visible xpath "/html"[0m
      [31m[0m
      [31m[0m
      [31m[0m
      [36m# /home/ec2-user/.rvm/gems/ruby-2.6.3/gems/capybara-3.33.0/lib/capybara/node/finders.rb:300:in `block in synced_resolve'[0m
      [36m# /home/ec2-user/.rvm/gems/ruby-2.6.3/gems/capybara-3.33.0/lib/capybara/node/base.rb:77:in `synchronize'[0m
      [36m# /home/ec2-user/.rvm/gems/ruby-2.6.3/gems/capybara-3.33.0/lib/capybara/node/finders.rb:291:in `synced_resolve'[0m
      [36m# /home/ec2-user/.rvm/gems/ruby-2.6.3/gems/capybara-3.33.0/lib/capybara/node/finders.rb:52:in `find'[0m
      [36m# /home/ec2-user/.rvm/gems/ruby-2.6.3/gems/capybara-3.33.0/lib/capybara/node/document.rb:24:in `text'[0m
      [36m# /home/ec2-user/.rvm/gems/ruby-2.6.3/gems/capybara-3.33.0/lib/capybara/queries/text_query.rb:108:in `text'[0m
      [36m# /home/ec2-user/.rvm/gems/ruby-2.6.3/gems/capybara-3.33.0/lib/capybara/queries/text_query.rb:29:in `resolve_for'[0m
      [36m# /home/ec2-user/.rvm/gems/ruby-2.6.3/gems/capybara-3.33.0/lib/capybara/node/matchers.rb:860:in `block in _verify_text'[0m
      [36m# /home/ec2-user/.rvm/gems/ruby-2.6.3/gems/capybara-3.33.0/lib/capybara/node/base.rb:83:in `synchronize'[0m
      [36m# /home/ec2-user/.rvm/gems/ruby-2.6.3/gems/capybara-3.33.0/lib/capybara/node/matchers.rb:859:in `_verify_text'[0m
      [36m# /home/ec2-user/.rvm/gems/ruby-2.6.3/gems/capybara-3.33.0/lib/capybara/node/matchers.rb:674:in `assert_text'[0m
      [36m# /home/ec2-user/.rvm/gems/ruby-2.6.3/gems/capybara-3.33.0/lib/capybara/session.rb:759:in `block (2 levels) in <class:Session>'[0m
      [36m# /home/ec2-user/.rvm/gems/ruby-2.6.3/gems/capybara-3.33.0/lib/capybara/rspec/matchers/have_text.rb:10:in `element_matches?'[0m
      [36m# /home/ec2-user/.rvm/gems/ruby-2.6.3/gems/capybara-3.33.0/lib/capybara/rspec/matchers/base.rb:51:in `matches?'[0m
      [36m# ./spec/system/users_spec.rb:41:in `block (4 levels) in <main>'[0m

  44) ãƒ¦ãƒ¼ã‚¶ãƒ¼ã®ãƒ†ã‚¹ãƒˆ ã‚µã‚¤ãƒ‰ãƒãƒ¼ã®ãƒ†ã‚¹ãƒˆ è¡¨ç¤ºã®ç¢ºèª User infoã¨è¡¨ç¤ºã•ã‚Œã‚‹
      [31mFailure/Error: expect(page).to have_content('User info')[0m
      [31m[0m
      [31mCapybara::Ambiguous:[0m
      [31m  Ambiguous match, found 2 elements matching visible xpath "/html"[0m
      [31m[0m
      [31m[0m
      [31m[0m
      [36m# /home/ec2-user/.rvm/gems/ruby-2.6.3/gems/capybara-3.33.0/lib/capybara/node/finders.rb:300:in `block in synced_resolve'[0m
      [36m# /home/ec2-user/.rvm/gems/ruby-2.6.3/gems/capybara-3.33.0/lib/capybara/node/base.rb:77:in `synchronize'[0m
      [36m# /home/ec2-user/.rvm/gems/ruby-2.6.3/gems/capybara-3.33.0/lib/capybara/node/finders.rb:291:in `synced_resolve'[0m
      [36m# /home/ec2-user/.rvm/gems/ruby-2.6.3/gems/capybara-3.33.0/lib/capybara/node/finders.rb:52:in `find'[0m
      [36m# /home/ec2-user/.rvm/gems/ruby-2.6.3/gems/capybara-3.33.0/lib/capybara/node/document.rb:24:in `text'[0m
      [36m# /home/ec2-user/.rvm/gems/ruby-2.6.3/gems/capybara-3.33.0/lib/capybara/queries/text_query.rb:108:in `text'[0m
      [36m# /home/ec2-user/.rvm/gems/ruby-2.6.3/gems/capybara-3.33.0/lib/capybara/queries/text_query.rb:29:in `resolve_for'[0m
      [36m# /home/ec2-user/.rvm/gems/ruby-2.6.3/gems/capybara-3.33.0/lib/capybara/node/matchers.rb:860:in `block in _verify_text'[0m
      [36m# /home/ec2-user/.rvm/gems/ruby-2.6.3/gems/capybara-3.33.0/lib/capybara/node/base.rb:83:in `synchronize'[0m
      [36m# /home/ec2-user/.rvm/gems/ruby-2.6.3/gems/capybara-3.33.0/lib/capybara/node/matchers.rb:859:in `_verify_text'[0m
      [36m# /home/ec2-user/.rvm/gems/ruby-2.6.3/gems/capybara-3.33.0/lib/capybara/node/matchers.rb:674:in `assert_text'[0m
      [36m# /home/ec2-user/.rvm/gems/ruby-2.6.3/gems/capybara-3.33.0/lib/capybara/session.rb:759:in `block (2 levels) in <class:Session>'[0m
      [36m# /home/ec2-user/.rvm/gems/ruby-2.6.3/gems/capybara-3.33.0/lib/capybara/rspec/matchers/have_text.rb:10:in `element_matches?'[0m
      [36m# /home/ec2-user/.rvm/gems/ruby-2.6.3/gems/capybara-3.33.0/lib/capybara/rspec/matchers/base.rb:51:in `matches?'[0m
      [36m# ./spec/system/users_spec.rb:68:in `block (4 levels) in <main>'[0m

  45) ãƒ¦ãƒ¼ã‚¶ãƒ¼ã®ãƒ†ã‚¹ãƒˆ ã‚µã‚¤ãƒ‰ãƒãƒ¼ã®ãƒ†ã‚¹ãƒˆ è¡¨ç¤ºã®ç¢ºèª ç”»åƒãŒè¡¨ç¤ºã•ã‚Œã‚‹
      [31mFailure/Error: expect(page).to have_css('img.profile_image')[0m
      [31m  expected to find css "img.profile_image" but there were no matches[0m
      [31m[0m
      [31m[0m
      [31m[0m
      [36m# ./spec/system/users_spec.rb:71:in `block (4 levels) in <main>'[0m

  46) ãƒ¦ãƒ¼ã‚¶ãƒ¼ã®ãƒ†ã‚¹ãƒˆ ã‚µã‚¤ãƒ‰ãƒãƒ¼ã®ãƒ†ã‚¹ãƒˆ è¡¨ç¤ºã®ç¢ºèª åå‰ãŒè¡¨ç¤ºã•ã‚Œã‚‹
      [31mFailure/Error: expect(page).to have_content(user.name)[0m
      [31m[0m
      [31mCapybara::Ambiguous:[0m
      [31m  Ambiguous match, found 2 elements matching visible xpath "/html"[0m
      [31m[0m
      [31m[0m
      [31m[0m
      [36m# /home/ec2-user/.rvm/gems/ruby-2.6.3/gems/capybara-3.33.0/lib/capybara/node/finders.rb:300:in `block in synced_resolve'[0m
      [36m# /home/ec2-user/.rvm/gems/ruby-2.6.3/gems/capybara-3.33.0/lib/capybara/node/base.rb:77:in `synchronize'[0m
      [36m# /home/ec2-user/.rvm/gems/ruby-2.6.3/gems/capybara-3.33.0/lib/capybara/node/finders.rb:291:in `synced_resolve'[0m
      [36m# /home/ec2-user/.rvm/gems/ruby-2.6.3/gems/capybara-3.33.0/lib/capybara/node/finders.rb:52:in `find'[0m
      [36m# /home/ec2-user/.rvm/gems/ruby-2.6.3/gems/capybara-3.33.0/lib/capybara/node/document.rb:24:in `text'[0m
      [36m# /home/ec2-user/.rvm/gems/ruby-2.6.3/gems/capybara-3.33.0/lib/capybara/queries/text_query.rb:108:in `text'[0m
      [36m# /home/ec2-user/.rvm/gems/ruby-2.6.3/gems/capybara-3.33.0/lib/capybara/queries/text_query.rb:29:in `resolve_for'[0m
      [36m# /home/ec2-user/.rvm/gems/ruby-2.6.3/gems/capybara-3.33.0/lib/capybara/node/matchers.rb:860:in `block in _verify_text'[0m
      [36m# /home/ec2-user/.rvm/gems/ruby-2.6.3/gems/capybara-3.33.0/lib/capybara/node/base.rb:83:in `synchronize'[0m
      [36m# /home/ec2-user/.rvm/gems/ruby-2.6.3/gems/capybara-3.33.0/lib/capybara/node/matchers.rb:859:in `_verify_text'[0m
      [36m# /home/ec2-user/.rvm/gems/ruby-2.6.3/gems/capybara-3.33.0/lib/capybara/node/matchers.rb:674:in `assert_text'[0m
      [36m# /home/ec2-user/.rvm/gems/ruby-2.6.3/gems/capybara-3.33.0/lib/capybara/session.rb:759:in `block (2 levels) in <class:Session>'[0m
      [36m# /home/ec2-user/.rvm/gems/ruby-2.6.3/gems/capybara-3.33.0/lib/capybara/rspec/matchers/have_text.rb:10:in `element_matches?'[0m
      [36m# /home/ec2-user/.rvm/gems/ruby-2.6.3/gems/capybara-3.33.0/lib/capybara/rspec/matchers/base.rb:51:in `matches?'[0m
      [36m# ./spec/system/users_spec.rb:74:in `block (4 levels) in <main>'[0m

  47) ãƒ¦ãƒ¼ã‚¶ãƒ¼ã®ãƒ†ã‚¹ãƒˆ ã‚µã‚¤ãƒ‰ãƒãƒ¼ã®ãƒ†ã‚¹ãƒˆ è¡¨ç¤ºã®ç¢ºèª è‡ªå·±ç´¹ä»‹ãŒè¡¨ç¤ºã•ã‚Œã‚‹
      [31mFailure/Error: expect(page).to have_content(user.introduction)[0m
      [31m[0m
      [31mCapybara::Ambiguous:[0m
      [31m  Ambiguous match, found 2 elements matching visible xpath "/html"[0m
      [31m[0m
      [31m[0m
      [31m[0m
      [36m# /home/ec2-user/.rvm/gems/ruby-2.6.3/gems/capybara-3.33.0/lib/capybara/node/finders.rb:300:in `block in synced_resolve'[0m
      [36m# /home/ec2-user/.rvm/gems/ruby-2.6.3/gems/capybara-3.33.0/lib/capybara/node/base.rb:77:in `synchronize'[0m
      [36m# /home/ec2-user/.rvm/gems/ruby-2.6.3/gems/capybara-3.33.0/lib/capybara/node/finders.rb:291:in `synced_resolve'[0m
      [36m# /home/ec2-user/.rvm/gems/ruby-2.6.3/gems/capybara-3.33.0/lib/capybara/node/finders.rb:52:in `find'[0m
      [36m# /home/ec2-user/.rvm/gems/ruby-2.6.3/gems/capybara-3.33.0/lib/capybara/node/document.rb:24:in `text'[0m
      [36m# /home/ec2-user/.rvm/gems/ruby-2.6.3/gems/capybara-3.33.0/lib/capybara/queries/text_query.rb:108:in `text'[0m
      [36m# /home/ec2-user/.rvm/gems/ruby-2.6.3/gems/capybara-3.33.0/lib/capybara/queries/text_query.rb:29:in `resolve_for'[0m
      [36m# /home/ec2-user/.rvm/gems/ruby-2.6.3/gems/capybara-3.33.0/lib/capybara/node/matchers.rb:860:in `block in _verify_text'[0m
      [36m# /home/ec2-user/.rvm/gems/ruby-2.6.3/gems/capybara-3.33.0/lib/capybara/node/base.rb:83:in `synchronize'[0m
      [36m# /home/ec2-user/.rvm/gems/ruby-2.6.3/gems/capybara-3.33.0/lib/capybara/node/matchers.rb:859:in `_verify_text'[0m
      [36m# /home/ec2-user/.rvm/gems/ruby-2.6.3/gems/capybara-3.33.0/lib/capybara/node/matchers.rb:674:in `assert_text'[0m
      [36m# /home/ec2-user/.rvm/gems/ruby-2.6.3/gems/capybara-3.33.0/lib/capybara/session.rb:759:in `block (2 levels) in <class:Session>'[0m
      [36m# /home/ec2-user/.rvm/gems/ruby-2.6.3/gems/capybara-3.33.0/lib/capybara/rspec/matchers/have_text.rb:10:in `element_matches?'[0m
      [36m# /home/ec2-user/.rvm/gems/ruby-2.6.3/gems/capybara-3.33.0/lib/capybara/rspec/matchers/base.rb:51:in `matches?'[0m
      [36m# ./spec/system/users_spec.rb:77:in `block (4 levels) in <main>'[0m

  48) ãƒ¦ãƒ¼ã‚¶ãƒ¼ã®ãƒ†ã‚¹ãƒˆ ã‚µã‚¤ãƒ‰ãƒãƒ¼ã®ãƒ†ã‚¹ãƒˆ è¡¨ç¤ºã®ç¢ºèª ç·¨é›†ãƒªãƒ³ã‚¯ãŒè¡¨ç¤ºã•ã‚Œã‚‹
      [31mFailure/Error: expect(page).to have_link '', href: edit_user_path(user)[0m
      [31m  expected to find link "" with href "/users/2/edit" but there were no matches[0m
      [31m[0m
      [31m[0m
      [31m[0m
      [36m# ./spec/system/users_spec.rb:81:in `block (4 levels) in <main>'[0m

  49) ãƒ¦ãƒ¼ã‚¶ãƒ¼ã®ãƒ†ã‚¹ãƒˆ ç·¨é›†ã®ãƒ†ã‚¹ãƒˆ è‡ªåˆ†ã®ç·¨é›†ç”»é¢ã¸ã®é·ç§» é·ç§»ã§ãã‚‹
      [31mFailure/Error: expect(current_path).to eq('/users/' + user.id.to_s + '/edit')[0m
      [31m[0m
      [31m  expected: "/users/2/edit"[0m
      [31m       got: "/users/sign_in"[0m
      [31m[0m
      [31m  (compared using ==)[0m
      [31m[0m
      [31m[0m
      [31m[0m
      [36m# ./spec/system/users_spec.rb:90:in `block (4 levels) in <main>'[0m

  50) ãƒ¦ãƒ¼ã‚¶ãƒ¼ã®ãƒ†ã‚¹ãƒˆ ç·¨é›†ã®ãƒ†ã‚¹ãƒˆ ä»–äººã®ç·¨é›†ç”»é¢ã¸ã®é·ç§» é·ç§»ã§ããªã„
      [31mFailure/Error: expect(current_path).to eq('/users/' + user.id.to_s)[0m
      [31m[0m
      [31m  expected: "/users/2"[0m
      [31m       got: "/users/sign_in"[0m
      [31m[0m
      [31m  (compared using ==)[0m
      [31m[0m
      [31m[0m
      [31m[0m
      [36m# ./spec/system/users_spec.rb:96:in `block (4 levels) in <main>'[0m

  51) ãƒ¦ãƒ¼ã‚¶ãƒ¼ã®ãƒ†ã‚¹ãƒˆ ç·¨é›†ã®ãƒ†ã‚¹ãƒˆ è¡¨ç¤ºã®ç¢ºèª User infoã¨è¡¨ç¤ºã•ã‚Œã‚‹
      [31mFailure/Error: expect(page).to have_content('User info')[0m
      [31m[0m
      [31mCapybara::Ambiguous:[0m
      [31m  Ambiguous match, found 2 elements matching visible xpath "/html"[0m
      [31m[0m
      [31m[0m
      [31m[0m
      [36m# /home/ec2-user/.rvm/gems/ruby-2.6.3/gems/capybara-3.33.0/lib/capybara/node/finders.rb:300:in `block in synced_resolve'[0m
      [36m# /home/ec2-user/.rvm/gems/ruby-2.6.3/gems/capybara-3.33.0/lib/capybara/node/base.rb:77:in `synchronize'[0m
      [36m# /home/ec2-user/.rvm/gems/ruby-2.6.3/gems/capybara-3.33.0/lib/capybara/node/finders.rb:291:in `synced_resolve'[0m
      [36m# /home/ec2-user/.rvm/gems/ruby-2.6.3/gems/capybara-3.33.0/lib/capybara/node/finders.rb:52:in `find'[0m
      [36m# /home/ec2-user/.rvm/gems/ruby-2.6.3/gems/capybara-3.33.0/lib/capybara/node/document.rb:24:in `text'[0m
      [36m# /home/ec2-user/.rvm/gems/ruby-2.6.3/gems/capybara-3.33.0/lib/capybara/queries/text_query.rb:108:in `text'[0m
      [36m# /home/ec2-user/.rvm/gems/ruby-2.6.3/gems/capybara-3.33.0/lib/capybara/queries/text_query.rb:29:in `resolve_for'[0m
      [36m# /home/ec2-user/.rvm/gems/ruby-2.6.3/gems/capybara-3.33.0/lib/capybara/node/matchers.rb:860:in `block in _verify_text'[0m
      [36m# /home/ec2-user/.rvm/gems/ruby-2.6.3/gems/capybara-3.33.0/lib/capybara/node/base.rb:83:in `synchronize'[0m
      [36m# /home/ec2-user/.rvm/gems/ruby-2.6.3/gems/capybara-3.33.0/lib/capybara/node/matchers.rb:859:in `_verify_text'[0m
      [36m# /home/ec2-user/.rvm/gems/ruby-2.6.3/gems/capybara-3.33.0/lib/capybara/node/matchers.rb:674:in `assert_text'[0m
      [36m# /home/ec2-user/.rvm/gems/ruby-2.6.3/gems/capybara-3.33.0/lib/capybara/session.rb:759:in `block (2 levels) in <class:Session>'[0m
      [36m# /home/ec2-user/.rvm/gems/ruby-2.6.3/gems/capybara-3.33.0/lib/capybara/rspec/matchers/have_text.rb:10:in `element_matches?'[0m
      [36m# /home/ec2-user/.rvm/gems/ruby-2.6.3/gems/capybara-3.33.0/lib/capybara/rspec/matchers/base.rb:51:in `matches?'[0m
      [36m# ./spec/system/users_spec.rb:105:in `block (4 levels) in <main>'[0m

  52) ãƒ¦ãƒ¼ã‚¶ãƒ¼ã®ãƒ†ã‚¹ãƒˆ ç·¨é›†ã®ãƒ†ã‚¹ãƒˆ è¡¨ç¤ºã®ç¢ºèª åå‰ç·¨é›†ãƒ•ã‚©ãƒ¼ãƒ ã«è‡ªåˆ†ã®åå‰ãŒè¡¨ç¤ºã•ã‚Œã‚‹
      [31mFailure/Error: expect(page).to have_field 'user[name]', with: user.name[0m
      [31m  expected to find visible field "user[name]" that is not disabled with value "diwij8kmhc" but there were no matches. Also found "", which matched the selector but not all filters. Expected value to be "diwij8kmhc" but was nil[0m
      [31m[0m
      [31m[0m
      [31m[0m
      [36m# ./spec/system/users_spec.rb:108:in `block (4 levels) in <main>'[0m

  53) ãƒ¦ãƒ¼ã‚¶ãƒ¼ã®ãƒ†ã‚¹ãƒˆ ç·¨é›†ã®ãƒ†ã‚¹ãƒˆ è¡¨ç¤ºã®ç¢ºèª ç”»åƒç·¨é›†ãƒ•ã‚©ãƒ¼ãƒ ãŒè¡¨ç¤ºã•ã‚Œã‚‹
      [31mFailure/Error: expect(page).to have_field 'user[profile_image]'[0m
      [31m  expected to find field "user[profile_image]" that is not disabled but there were no matches[0m
      [31m[0m
      [31m[0m
      [31m[0m
      [36m# ./spec/system/users_spec.rb:111:in `block (4 levels) in <main>'[0m

  54) ãƒ¦ãƒ¼ã‚¶ãƒ¼ã®ãƒ†ã‚¹ãƒˆ ç·¨é›†ã®ãƒ†ã‚¹ãƒˆ è¡¨ç¤ºã®ç¢ºèª è‡ªå·±ç´¹ä»‹ç·¨é›†ãƒ•ã‚©ãƒ¼ãƒ ã«è‡ªåˆ†ã®è‡ªå·±ç´¹ä»‹ãŒè¡¨ç¤ºã•ã‚Œã‚‹
      [31mFailure/Error: expect(page).to have_field 'user[introduction]', with: user.introduction[0m
      [31m  expected to find field "user[introduction]" that is not disabled but there were no matches[0m
      [31m[0m
      [31m[0m
      [31m[0m
      [36m# ./spec/system/users_spec.rb:114:in `block (4 levels) in <main>'[0m

  55) ãƒ¦ãƒ¼ã‚¶ãƒ¼ã®ãƒ†ã‚¹ãƒˆ ç·¨é›†ã®ãƒ†ã‚¹ãƒˆ è¡¨ç¤ºã®ç¢ºèª ç·¨é›†ã«æˆåŠŸã™ã‚‹
      [31mFailure/Error: click_button 'Update User'[0m
      [31m[0m
      [31mCapybara::ElementNotFound:[0m
      [31m  Unable to find button "Update User" that is not disabled[0m
      [31m[0m
      [31m[0m
      [31m[0m
      [36m# /home/ec2-user/.rvm/gems/ruby-2.6.3/gems/capybara-3.33.0/lib/capybara/node/finders.rb:302:in `block in synced_resolve'[0m
      [36m# /home/ec2-user/.rvm/gems/ruby-2.6.3/gems/capybara-3.33.0/lib/capybara/node/base.rb:83:in `synchronize'[0m
      [36m# /home/ec2-user/.rvm/gems/ruby-2.6.3/gems/capybara-3.33.0/lib/capybara/node/finders.rb:291:in `synced_resolve'[0m
      [36m# /home/ec2-user/.rvm/gems/ruby-2.6.3/gems/capybara-3.33.0/lib/capybara/node/finders.rb:52:in `find'[0m
      [36m# /home/ec2-user/.rvm/gems/ruby-2.6.3/gems/capybara-3.33.0/lib/capybara/node/actions.rb:58:in `click_button'[0m
      [36m# /home/ec2-user/.rvm/gems/ruby-2.6.3/gems/capybara-3.33.0/lib/capybara/session.rb:759:in `block (2 levels) in <class:Session>'[0m
      [36m# /home/ec2-user/.rvm/gems/ruby-2.6.3/gems/capybara-3.33.0/lib/capybara/dsl.rb:58:in `block (2 levels) in <module:DSL>'[0m
      [36m# ./spec/system/users_spec.rb:117:in `block (4 levels) in <main>'[0m

  56) ãƒ¦ãƒ¼ã‚¶ãƒ¼ã®ãƒ†ã‚¹ãƒˆ ç·¨é›†ã®ãƒ†ã‚¹ãƒˆ è¡¨ç¤ºã®ç¢ºèª ç·¨é›†ã«å¤±æ•—ã™ã‚‹
      [31mFailure/Error: click_button 'Update User'[0m
      [31m[0m
      [31mCapybara::ElementNotFound:[0m
      [31m  Unable to find button "Update User" that is not disabled[0m
      [31m[0m
      [31m[0m
      [31m[0m
      [36m# /home/ec2-user/.rvm/gems/ruby-2.6.3/gems/capybara-3.33.0/lib/capybara/node/finders.rb:302:in `block in synced_resolve'[0m
      [36m# /home/ec2-user/.rvm/gems/ruby-2.6.3/gems/capybara-3.33.0/lib/capybara/node/base.rb:83:in `synchronize'[0m
      [36m# /home/ec2-user/.rvm/gems/ruby-2.6.3/gems/capybara-3.33.0/lib/capybara/node/finders.rb:291:in `synced_resolve'[0m
      [36m# /home/ec2-user/.rvm/gems/ruby-2.6.3/gems/capybara-3.33.0/lib/capybara/node/finders.rb:52:in `find'[0m
      [36m# /home/ec2-user/.rvm/gems/ruby-2.6.3/gems/capybara-3.33.0/lib/capybara/node/actions.rb:58:in `click_button'[0m
      [36m# /home/ec2-user/.rvm/gems/ruby-2.6.3/gems/capybara-3.33.0/lib/capybara/session.rb:759:in `block (2 levels) in <class:Session>'[0m
      [36m# /home/ec2-user/.rvm/gems/ruby-2.6.3/gems/capybara-3.33.0/lib/capybara/dsl.rb:58:in `block (2 levels) in <module:DSL>'[0m
      [36m# ./spec/system/users_spec.rb:123:in `block (4 levels) in <main>'[0m

  57) ãƒ¦ãƒ¼ã‚¶ãƒ¼ã®ãƒ†ã‚¹ãƒˆ ä¸€è¦§ç”»é¢ã®ãƒ†ã‚¹ãƒˆ è¡¨ç¤ºã®ç¢ºèª Usersã¨è¡¨ç¤ºã•ã‚Œã‚‹
      [31mFailure/Error: expect(page).to have_content('Users')[0m
      [31m[0m
      [31mCapybara::Ambiguous:[0m
      [31m  Ambiguous match, found 2 elements matching visible xpath "/html"[0m
      [31m[0m
      [31m[0m
      [31m[0m
      [36m# /home/ec2-user/.rvm/gems/ruby-2.6.3/gems/capybara-3.33.0/lib/capybara/node/finders.rb:300:in `block in synced_resolve'[0m
      [36m# /home/ec2-user/.rvm/gems/ruby-2.6.3/gems/capybara-3.33.0/lib/capybara/node/base.rb:77:in `synchronize'[0m
      [36m# /home/ec2-user/.rvm/gems/ruby-2.6.3/gems/capybara-3.33.0/lib/capybara/node/finders.rb:291:in `synced_resolve'[0m
      [36m# /home/ec2-user/.rvm/gems/ruby-2.6.3/gems/capybara-3.33.0/lib/capybara/node/finders.rb:52:in `find'[0m
      [36m# /home/ec2-user/.rvm/gems/ruby-2.6.3/gems/capybara-3.33.0/lib/capybara/node/document.rb:24:in `text'[0m
      [36m# /home/ec2-user/.rvm/gems/ruby-2.6.3/gems/capybara-3.33.0/lib/capybara/queries/text_query.rb:108:in `text'[0m
      [36m# /home/ec2-user/.rvm/gems/ruby-2.6.3/gems/capybara-3.33.0/lib/capybara/queries/text_query.rb:29:in `resolve_for'[0m
      [36m# /home/ec2-user/.rvm/gems/ruby-2.6.3/gems/capybara-3.33.0/lib/capybara/node/matchers.rb:860:in `block in _verify_text'[0m
      [36m# /home/ec2-user/.rvm/gems/ruby-2.6.3/gems/capybara-3.33.0/lib/capybara/node/base.rb:83:in `synchronize'[0m
      [36m# /home/ec2-user/.rvm/gems/ruby-2.6.3/gems/capybara-3.33.0/lib/capybara/node/matchers.rb:859:in `_verify_text'[0m
      [36m# /home/ec2-user/.rvm/gems/ruby-2.6.3/gems/capybara-3.33.0/lib/capybara/node/matchers.rb:674:in `assert_text'[0m
      [36m# /home/ec2-user/.rvm/gems/ruby-2.6.3/gems/capybara-3.33.0/lib/capybara/session.rb:759:in `block (2 levels) in <class:Session>'[0m
      [36m# /home/ec2-user/.rvm/gems/ruby-2.6.3/gems/capybara-3.33.0/lib/capybara/rspec/matchers/have_text.rb:10:in `element_matches?'[0m
      [36m# /home/ec2-user/.rvm/gems/ruby-2.6.3/gems/capybara-3.33.0/lib/capybara/rspec/matchers/base.rb:51:in `matches?'[0m
      [36m# ./spec/system/users_spec.rb:137:in `block (4 levels) in <main>'[0m

  58) ãƒ¦ãƒ¼ã‚¶ãƒ¼ã®ãƒ†ã‚¹ãƒˆ ä¸€è¦§ç”»é¢ã®ãƒ†ã‚¹ãƒˆ è¡¨ç¤ºã®ç¢ºèª è‡ªåˆ†ã¨ä»–ã®äººã®ç”»åƒãŒè¡¨ç¤ºã•ã‚Œã‚‹
      [31mFailure/Error: expect(all('img').size).to eq(3)[0m
      [31m[0m
      [31m  expected: 3[0m
      [31m       got: 0[0m
      [31m[0m
      [31m  (compared using ==)[0m
      [31m[0m
      [31m[0m
      [31m[0m
      [36m# ./spec/system/users_spec.rb:140:in `block (4 levels) in <main>'[0m

  59) ãƒ¦ãƒ¼ã‚¶ãƒ¼ã®ãƒ†ã‚¹ãƒˆ ä¸€è¦§ç”»é¢ã®ãƒ†ã‚¹ãƒˆ è¡¨ç¤ºã®ç¢ºèª è‡ªåˆ†ã¨ä»–ã®äººã®åå‰ãŒè¡¨ç¤ºã•ã‚Œã‚‹
      [31mFailure/Error: expect(page).to have_content user.name[0m
      [31m[0m
      [31mCapybara::Ambiguous:[0m
      [31m  Ambiguous match, found 2 elements matching visible xpath "/html"[0m
      [31m[0m
      [31m[0m
      [31m[0m
      [36m# /home/ec2-user/.rvm/gems/ruby-2.6.3/gems/capybara-3.33.0/lib/capybara/node/finders.rb:300:in `block in synced_resolve'[0m
      [36m# /home/ec2-user/.rvm/gems/ruby-2.6.3/gems/capybara-3.33.0/lib/capybara/node/base.rb:77:in `synchronize'[0m
      [36m# /home/ec2-user/.rvm/gems/ruby-2.6.3/gems/capybara-3.33.0/lib/capybara/node/finders.rb:291:in `synced_resolve'[0m
      [36m# /home/ec2-user/.rvm/gems/ruby-2.6.3/gems/capybara-3.33.0/lib/capybara/node/finders.rb:52:in `find'[0m
      [36m# /home/ec2-user/.rvm/gems/ruby-2.6.3/gems/capybara-3.33.0/lib/capybara/node/document.rb:24:in `text'[0m
      [36m# /home/ec2-user/.rvm/gems/ruby-2.6.3/gems/capybara-3.33.0/lib/capybara/queries/text_query.rb:108:in `text'[0m
      [36m# /home/ec2-user/.rvm/gems/ruby-2.6.3/gems/capybara-3.33.0/lib/capybara/queries/text_query.rb:29:in `resolve_for'[0m
      [36m# /home/ec2-user/.rvm/gems/ruby-2.6.3/gems/capybara-3.33.0/lib/capybara/node/matchers.rb:860:in `block in _verify_text'[0m
      [36m# /home/ec2-user/.rvm/gems/ruby-2.6.3/gems/capybara-3.33.0/lib/capybara/node/base.rb:83:in `synchronize'[0m
      [36m# /home/ec2-user/.rvm/gems/ruby-2.6.3/gems/capybara-3.33.0/lib/capybara/node/matchers.rb:859:in `_verify_text'[0m
      [36m# /home/ec2-user/.rvm/gems/ruby-2.6.3/gems/capybara-3.33.0/lib/capybara/node/matchers.rb:674:in `assert_text'[0m
      [36m# /home/ec2-user/.rvm/gems/ruby-2.6.3/gems/capybara-3.33.0/lib/capybara/session.rb:759:in `block (2 levels) in <class:Session>'[0m
      [36m# /home/ec2-user/.rvm/gems/ruby-2.6.3/gems/capybara-3.33.0/lib/capybara/rspec/matchers/have_text.rb:10:in `element_matches?'[0m
      [36m# /home/ec2-user/.rvm/gems/ruby-2.6.3/gems/capybara-3.33.0/lib/capybara/rspec/matchers/base.rb:51:in `matches?'[0m
      [36m# ./spec/system/users_spec.rb:143:in `block (4 levels) in <main>'[0m

  60) ãƒ¦ãƒ¼ã‚¶ãƒ¼ã®ãƒ†ã‚¹ãƒˆ ä¸€è¦§ç”»é¢ã®ãƒ†ã‚¹ãƒˆ è¡¨ç¤ºã®ç¢ºèª showãƒªãƒ³ã‚¯ãŒè¡¨ç¤ºã•ã‚Œã‚‹
      [31mFailure/Error: expect(page).to have_link 'Show', href: user_path(user)[0m
      [31m  expected to find link "Show" with href "/users/2" but there were no matches[0m
      [31m[0m
      [31m[0m
      [31m[0m
      [36m# ./spec/system/users_spec.rb:147:in `block (4 levels) in <main>'[0m

  61) ãƒ¦ãƒ¼ã‚¶ãƒ¼ã®ãƒ†ã‚¹ãƒˆ è©³ç´°ç”»é¢ã®ãƒ†ã‚¹ãƒˆ è¡¨ç¤ºã®ç¢ºèª Booksã¨è¡¨ç¤ºã•ã‚Œã‚‹
      [31mFailure/Error: expect(page).to have_content('Books')[0m
      [31m[0m
      [31mCapybara::Ambiguous:[0m
      [31m  Ambiguous match, found 2 elements matching visible xpath "/html"[0m
      [31m[0m
      [31m[0m
      [31m[0m
      [36m# /home/ec2-user/.rvm/gems/ruby-2.6.3/gems/capybara-3.33.0/lib/capybara/node/finders.rb:300:in `block in synced_resolve'[0m
      [36m# /home/ec2-user/.rvm/gems/ruby-2.6.3/gems/capybara-3.33.0/lib/capybara/node/base.rb:77:in `synchronize'[0m
      [36m# /home/ec2-user/.rvm/gems/ruby-2.6.3/gems/capybara-3.33.0/lib/capybara/node/finders.rb:291:in `synced_resolve'[0m
      [36m# /home/ec2-user/.rvm/gems/ruby-2.6.3/gems/capybara-3.33.0/lib/capybara/node/finders.rb:52:in `find'[0m
      [36m# /home/ec2-user/.rvm/gems/ruby-2.6.3/gems/capybara-3.33.0/lib/capybara/node/document.rb:24:in `text'[0m
      [36m# /home/ec2-user/.rvm/gems/ruby-2.6.3/gems/capybara-3.33.0/lib/capybara/queries/text_query.rb:108:in `text'[0m
      [36m# /home/ec2-user/.rvm/gems/ruby-2.6.3/gems/capybara-3.33.0/lib/capybara/queries/text_query.rb:29:in `resolve_for'[0m
      [36m# /home/ec2-user/.rvm/gems/ruby-2.6.3/gems/capybara-3.33.0/lib/capybara/node/matchers.rb:860:in `block in _verify_text'[0m
      [36m# /home/ec2-user/.rvm/gems/ruby-2.6.3/gems/capybara-3.33.0/lib/capybara/node/base.rb:83:in `synchronize'[0m
      [36m# /home/ec2-user/.rvm/gems/ruby-2.6.3/gems/capybara-3.33.0/lib/capybara/node/matchers.rb:859:in `_verify_text'[0m
      [36m# /home/ec2-user/.rvm/gems/ruby-2.6.3/gems/capybara-3.33.0/lib/capybara/node/matchers.rb:674:in `assert_text'[0m
      [36m# /home/ec2-user/.rvm/gems/ruby-2.6.3/gems/capybara-3.33.0/lib/capybara/session.rb:759:in `block (2 levels) in <class:Session>'[0m
      [36m# /home/ec2-user/.rvm/gems/ruby-2.6.3/gems/capybara-3.33.0/lib/capybara/rspec/matchers/have_text.rb:10:in `element_matches?'[0m
      [36m# /home/ec2-user/.rvm/gems/ruby-2.6.3/gems/capybara-3.33.0/lib/capybara/rspec/matchers/base.rb:51:in `matches?'[0m
      [36m# ./spec/system/users_spec.rb:158:in `block (4 levels) in <main>'[0m

  62) ãƒ¦ãƒ¼ã‚¶ãƒ¼ã®ãƒ†ã‚¹ãƒˆ è©³ç´°ç”»é¢ã®ãƒ†ã‚¹ãƒˆ è¡¨ç¤ºã®ç¢ºèª æŠ•ç¨¿ä¸€è¦§ã®ãƒ¦ãƒ¼ã‚¶ãƒ¼ã®ç”»åƒã®ãƒªãƒ³ã‚¯å…ˆãŒæ­£ã—ã„
      [31mFailure/Error: expect(page).to have_link '', href: user_path(user)[0m
      [31m  expected to find link "" with href "/users/2" but there were no matches[0m
      [31m[0m
      [31m[0m
      [31m[0m
      [36m# ./spec/system/users_spec.rb:161:in `block (4 levels) in <main>'[0m

  63) ãƒ¦ãƒ¼ã‚¶ãƒ¼ã®ãƒ†ã‚¹ãƒˆ è©³ç´°ç”»é¢ã®ãƒ†ã‚¹ãƒˆ è¡¨ç¤ºã®ç¢ºèª æŠ•ç¨¿ä¸€è¦§ã®titleã®ãƒªãƒ³ã‚¯å…ˆãŒæ­£ã—ã„
      [31mFailure/Error: expect(page).to have_link book.title, href: book_path(book)[0m
      [31m  expected to find link "58moh" with href "/books/1" but there were no matches[0m
      [31m[0m
      [31m[0m
      [31m[0m
      [36m# ./spec/system/users_spec.rb:164:in `block (4 levels) in <main>'[0m

  64) ãƒ¦ãƒ¼ã‚¶ãƒ¼ã®ãƒ†ã‚¹ãƒˆ è©³ç´°ç”»é¢ã®ãƒ†ã‚¹ãƒˆ è¡¨ç¤ºã®ç¢ºèª æŠ•ç¨¿ä¸€è¦§ã«opinionãŒè¡¨ç¤ºã•ã‚Œã‚‹
      [31mFailure/Error: expect(page).to have_content(book.body)[0m
      [31m[0m
      [31mCapybara::Ambiguous:[0m
      [31m  Ambiguous match, found 2 elements matching visible xpath "/html"[0m
      [31m[0m
      [31m[0m
      [31m[0m
      [36m# /home/ec2-user/.rvm/gems/ruby-2.6.3/gems/capybara-3.33.0/lib/capybara/node/finders.rb:300:in `block in synced_resolve'[0m
      [36m# /home/ec2-user/.rvm/gems/ruby-2.6.3/gems/capybara-3.33.0/lib/capybara/node/base.rb:77:in `synchronize'[0m
      [36m# /home/ec2-user/.rvm/gems/ruby-2.6.3/gems/capybara-3.33.0/lib/capybara/node/finders.rb:291:in `synced_resolve'[0m
      [36m# /home/ec2-user/.rvm/gems/ruby-2.6.3/gems/capybara-3.33.0/lib/capybara/node/finders.rb:52:in `find'[0m
      [36m# /home/ec2-user/.rvm/gems/ruby-2.6.3/gems/capybara-3.33.0/lib/capybara/node/document.rb:24:in `text'[0m
      [36m# /home/ec2-user/.rvm/gems/ruby-2.6.3/gems/capybara-3.33.0/lib/capybara/queries/text_query.rb:108:in `text'[0m
      [36m# /home/ec2-user/.rvm/gems/ruby-2.6.3/gems/capybara-3.33.0/lib/capybara/queries/text_query.rb:29:in `resolve_for'[0m
      [36m# /home/ec2-user/.rvm/gems/ruby-2.6.3/gems/capybara-3.33.0/lib/capybara/node/matchers.rb:860:in `block in _verify_text'[0m
      [36m# /home/ec2-user/.rvm/gems/ruby-2.6.3/gems/capybara-3.33.0/lib/capybara/node/base.rb:83:in `synchronize'[0m
      [36m# /home/ec2-user/.rvm/gems/ruby-2.6.3/gems/capybara-3.33.0/lib/capybara/node/matchers.rb:859:in `_verify_text'[0m
      [36m# /home/ec2-user/.rvm/gems/ruby-2.6.3/gems/capybara-3.33.0/lib/capybara/node/matchers.rb:674:in `assert_text'[0m
      [36m# /home/ec2-user/.rvm/gems/ruby-2.6.3/gems/capybara-3.33.0/lib/capybara/session.rb:759:in `block (2 levels) in <class:Session>'[0m
      [36m# /home/ec2-user/.rvm/gems/ruby-2.6.3/gems/capybara-3.33.0/lib/capybara/rspec/matchers/have_text.rb:10:in `element_matches?'[0m
      [36m# /home/ec2-user/.rvm/gems/ruby-2.6.3/gems/capybara-3.33.0/lib/capybara/rspec/matchers/base.rb:51:in `matches?'[0m
      [36m# ./spec/system/users_spec.rb:167:in `block (4 levels) in <main>'[0m

Finished in 3.35 seconds (files took 1.32 seconds to load)
[31m95 examples, 64 failures[0m

Failed examples:

[31mrspec ./spec/system/books_spec.rb:16[0m [36m# æŠ•ç¨¿ã®ãƒ†ã‚¹ãƒˆ ã‚µã‚¤ãƒ‰ãƒãƒ¼ã®ãƒ†ã‚¹ãƒˆ è¡¨ç¤ºã®ç¢ºèª New bookã¨è¡¨ç¤ºã•ã‚Œã‚‹[0m
[31mrspec ./spec/system/books_spec.rb:19[0m [36m# æŠ•ç¨¿ã®ãƒ†ã‚¹ãƒˆ ã‚µã‚¤ãƒ‰ãƒãƒ¼ã®ãƒ†ã‚¹ãƒˆ è¡¨ç¤ºã®ç¢ºèª titleãƒ•ã‚©ãƒ¼ãƒ ãŒè¡¨ç¤ºã•ã‚Œã‚‹[0m
[31mrspec ./spec/system/books_spec.rb:22[0m [36m# æŠ•ç¨¿ã®ãƒ†ã‚¹ãƒˆ ã‚µã‚¤ãƒ‰ãƒãƒ¼ã®ãƒ†ã‚¹ãƒˆ è¡¨ç¤ºã®ç¢ºèª opinionãƒ•ã‚©ãƒ¼ãƒ ãŒè¡¨ç¤ºã•ã‚Œã‚‹[0m
[31mrspec ./spec/system/books_spec.rb:25[0m [36m# æŠ•ç¨¿ã®ãƒ†ã‚¹ãƒˆ ã‚µã‚¤ãƒ‰ãƒãƒ¼ã®ãƒ†ã‚¹ãƒˆ è¡¨ç¤ºã®ç¢ºèª Create Bookãƒœã‚¿ãƒ³ãŒè¡¨ç¤ºã•ã‚Œã‚‹[0m
[31mrspec ./spec/system/books_spec.rb:28[0m [36m# æŠ•ç¨¿ã®ãƒ†ã‚¹ãƒˆ ã‚µã‚¤ãƒ‰ãƒãƒ¼ã®ãƒ†ã‚¹ãƒˆ è¡¨ç¤ºã®ç¢ºèª æŠ•ç¨¿ã«æˆåŠŸã™ã‚‹[0m
[31mrspec ./spec/system/books_spec.rb:34[0m [36m# æŠ•ç¨¿ã®ãƒ†ã‚¹ãƒˆ ã‚µã‚¤ãƒ‰ãƒãƒ¼ã®ãƒ†ã‚¹ãƒˆ è¡¨ç¤ºã®ç¢ºèª æŠ•ç¨¿ã«å¤±æ•—ã™ã‚‹[0m
[31mrspec ./spec/system/books_spec.rb:44[0m [36m# æŠ•ç¨¿ã®ãƒ†ã‚¹ãƒˆ ç·¨é›†ã®ãƒ†ã‚¹ãƒˆ è‡ªåˆ†ã®æŠ•ç¨¿ã®ç·¨é›†ç”»é¢ã¸ã®é·ç§» é·ç§»ã§ãã‚‹[0m
[31mrspec ./spec/system/books_spec.rb:50[0m [36m# æŠ•ç¨¿ã®ãƒ†ã‚¹ãƒˆ ç·¨é›†ã®ãƒ†ã‚¹ãƒˆ ä»–äººã®æŠ•ç¨¿ã®ç·¨é›†ç”»é¢ã¸ã®é·ç§» é·ç§»ã§ããªã„[0m
[31mrspec ./spec/system/books_spec.rb:59[0m [36m# æŠ•ç¨¿ã®ãƒ†ã‚¹ãƒˆ ç·¨é›†ã®ãƒ†ã‚¹ãƒˆ è¡¨ç¤ºã®ç¢ºèª Editing Bookã¨è¡¨ç¤ºã•ã‚Œã‚‹[0m
[31mrspec ./spec/system/books_spec.rb:62[0m [36m# æŠ•ç¨¿ã®ãƒ†ã‚¹ãƒˆ ç·¨é›†ã®ãƒ†ã‚¹ãƒˆ è¡¨ç¤ºã®ç¢ºèª titleç·¨é›†ãƒ•ã‚©ãƒ¼ãƒ ãŒè¡¨ç¤ºã•ã‚Œã‚‹[0m
[31mrspec ./spec/system/books_spec.rb:65[0m [36m# æŠ•ç¨¿ã®ãƒ†ã‚¹ãƒˆ ç·¨é›†ã®ãƒ†ã‚¹ãƒˆ è¡¨ç¤ºã®ç¢ºèª opinionç·¨é›†ãƒ•ã‚©ãƒ¼ãƒ ãŒè¡¨ç¤ºã•ã‚Œã‚‹[0m
[31mrspec ./spec/system/books_spec.rb:68[0m [36m# æŠ•ç¨¿ã®ãƒ†ã‚¹ãƒˆ ç·¨é›†ã®ãƒ†ã‚¹ãƒˆ è¡¨ç¤ºã®ç¢ºèª Showãƒªãƒ³ã‚¯ãŒè¡¨ç¤ºã•ã‚Œã‚‹[0m
[31mrspec ./spec/system/books_spec.rb:71[0m [36m# æŠ•ç¨¿ã®ãƒ†ã‚¹ãƒˆ ç·¨é›†ã®ãƒ†ã‚¹ãƒˆ è¡¨ç¤ºã®ç¢ºèª Backãƒªãƒ³ã‚¯ãŒè¡¨ç¤ºã•ã‚Œã‚‹[0m
[31mrspec ./spec/system/books_spec.rb:76[0m [36m# æŠ•ç¨¿ã®ãƒ†ã‚¹ãƒˆ ç·¨é›†ã®ãƒ†ã‚¹ãƒˆ ãƒ•ã‚©ãƒ¼ãƒ ã®ç¢ºèª ç·¨é›†ã«æˆåŠŸã™ã‚‹[0m
[31mrspec ./spec/system/books_spec.rb:82[0m [36m# æŠ•ç¨¿ã®ãƒ†ã‚¹ãƒˆ ç·¨é›†ã®ãƒ†ã‚¹ãƒˆ ãƒ•ã‚©ãƒ¼ãƒ ã®ç¢ºèª ç·¨é›†ã«å¤±æ•—ã™ã‚‹[0m
[31mrspec ./spec/system/books_spec.rb:97[0m [36m# æŠ•ç¨¿ã®ãƒ†ã‚¹ãƒˆ ä¸€è¦§ç”»é¢ã®ãƒ†ã‚¹ãƒˆ è¡¨ç¤ºã®ç¢ºèª Booksã¨è¡¨ç¤ºã•ã‚Œã‚‹[0m
[31mrspec ./spec/system/books_spec.rb:100[0m [36m# æŠ•ç¨¿ã®ãƒ†ã‚¹ãƒˆ ä¸€è¦§ç”»é¢ã®ãƒ†ã‚¹ãƒˆ è¡¨ç¤ºã®ç¢ºèª è‡ªåˆ†ã¨ä»–äººã®ç”»åƒã®ãƒªãƒ³ã‚¯å…ˆãŒæ­£ã—ã„[0m
[31mrspec ./spec/system/books_spec.rb:104[0m [36m# æŠ•ç¨¿ã®ãƒ†ã‚¹ãƒˆ ä¸€è¦§ç”»é¢ã®ãƒ†ã‚¹ãƒˆ è¡¨ç¤ºã®ç¢ºèª è‡ªåˆ†ã¨ä»–äººã®ã‚¿ã‚¤ãƒˆãƒ«ã®ãƒªãƒ³ã‚¯å…ˆãŒæ­£ã—ã„[0m
[31mrspec ./spec/system/books_spec.rb:108[0m [36m# æŠ•ç¨¿ã®ãƒ†ã‚¹ãƒˆ ä¸€è¦§ç”»é¢ã®ãƒ†ã‚¹ãƒˆ è¡¨ç¤ºã®ç¢ºèª è‡ªåˆ†ã¨ä»–äººã®ã‚ªãƒ”ãƒ‹ã‚ªãƒ³ãŒè¡¨ç¤ºã•ã‚Œã‚‹[0m
[31mrspec ./spec/system/books_spec.rb:117[0m [36m# æŠ•ç¨¿ã®ãƒ†ã‚¹ãƒˆ è©³ç´°ç”»é¢ã®ãƒ†ã‚¹ãƒˆ è‡ªåˆ†ãƒ»ä»–äººå…±é€šã®æŠ•ç¨¿è©³ç´°ç”»é¢ã®è¡¨ç¤ºã‚’ç¢ºèª Book detailã¨è¡¨ç¤ºã•ã‚Œã‚‹[0m
[31mrspec ./spec/system/books_spec.rb:121[0m [36m# æŠ•ç¨¿ã®ãƒ†ã‚¹ãƒˆ è©³ç´°ç”»é¢ã®ãƒ†ã‚¹ãƒˆ è‡ªåˆ†ãƒ»ä»–äººå…±é€šã®æŠ•ç¨¿è©³ç´°ç”»é¢ã®è¡¨ç¤ºã‚’ç¢ºèª ãƒ¦ãƒ¼ã‚¶ãƒ¼ç”»åƒãƒ»åå‰ã®ãƒªãƒ³ã‚¯å…ˆãŒæ­£ã—ã„[0m
[31mrspec ./spec/system/books_spec.rb:125[0m [36m# æŠ•ç¨¿ã®ãƒ†ã‚¹ãƒˆ è©³ç´°ç”»é¢ã®ãƒ†ã‚¹ãƒˆ è‡ªåˆ†ãƒ»ä»–äººå…±é€šã®æŠ•ç¨¿è©³ç´°ç”»é¢ã®è¡¨ç¤ºã‚’ç¢ºèª æŠ•ç¨¿ã®titleãŒè¡¨ç¤ºã•ã‚Œã‚‹[0m
[31mrspec ./spec/system/books_spec.rb:129[0m [36m# æŠ•ç¨¿ã®ãƒ†ã‚¹ãƒˆ è©³ç´°ç”»é¢ã®ãƒ†ã‚¹ãƒˆ è‡ªåˆ†ãƒ»ä»–äººå…±é€šã®æŠ•ç¨¿è©³ç´°ç”»é¢ã®è¡¨ç¤ºã‚’ç¢ºèª æŠ•ç¨¿ã®opinionãŒè¡¨ç¤ºã•ã‚Œã‚‹[0m
[31mrspec ./spec/system/books_spec.rb:135[0m [36m# æŠ•ç¨¿ã®ãƒ†ã‚¹ãƒˆ è©³ç´°ç”»é¢ã®ãƒ†ã‚¹ãƒˆ è‡ªåˆ†ã®æŠ•ç¨¿è©³ç´°ç”»é¢ã®è¡¨ç¤ºã‚’ç¢ºèª æŠ•ç¨¿ã®ç·¨é›†ãƒªãƒ³ã‚¯ãŒè¡¨ç¤ºã•ã‚Œã‚‹[0m
[31mrspec ./spec/system/books_spec.rb:139[0m [36m# æŠ•ç¨¿ã®ãƒ†ã‚¹ãƒˆ è©³ç´°ç”»é¢ã®ãƒ†ã‚¹ãƒˆ è‡ªåˆ†ã®æŠ•ç¨¿è©³ç´°ç”»é¢ã®è¡¨ç¤ºã‚’ç¢ºèª æŠ•ç¨¿ã®å‰Šé™¤ãƒªãƒ³ã‚¯ãŒè¡¨ç¤ºã•ã‚Œã‚‹[0m
[31mrspec ./spec/system/bootstrap_spec.rb:14[0m [36m# bootstrapã®ãƒ†ã‚¹ãƒˆ ã‚°ãƒªãƒƒãƒ‰ã‚·ã‚¹ãƒ†ãƒ ã®ãƒ†ã‚¹ãƒˆ ãƒ¦ãƒ¼ã‚¶ãƒ¼é–¢é€£ç”»é¢ ä¸€è¦§ç”»é¢[0m
[31mrspec ./spec/system/bootstrap_spec.rb:19[0m [36m# bootstrapã®ãƒ†ã‚¹ãƒˆ ã‚°ãƒªãƒƒãƒ‰ã‚·ã‚¹ãƒ†ãƒ ã®ãƒ†ã‚¹ãƒˆ ãƒ¦ãƒ¼ã‚¶ãƒ¼é–¢é€£ç”»é¢ è©³ç´°ç”»é¢[0m
[31mrspec ./spec/system/bootstrap_spec.rb:26[0m [36m# bootstrapã®ãƒ†ã‚¹ãƒˆ ã‚°ãƒªãƒƒãƒ‰ã‚·ã‚¹ãƒ†ãƒ ã®ãƒ†ã‚¹ãƒˆ æŠ•ç¨¿é–¢é€£ç”»é¢ ä¸€è¦§ç”»é¢[0m
[31mrspec ./spec/system/bootstrap_spec.rb:31[0m [36m# bootstrapã®ãƒ†ã‚¹ãƒˆ ã‚°ãƒªãƒƒãƒ‰ã‚·ã‚¹ãƒ†ãƒ ã®ãƒ†ã‚¹ãƒˆ æŠ•ç¨¿é–¢é€£ç”»é¢ è©³ç´°ç”»é¢[0m
[31mrspec ./spec/system/header_spec.rb:10[0m [36m# ãƒ˜ãƒƒãƒ€ãƒ¼ã®ãƒ†ã‚¹ãƒˆ ãƒ­ã‚°ã‚¤ãƒ³ã—ã¦ã„ãªã„å ´åˆ ãƒ˜ãƒƒãƒ€ãƒ¼ã®è¡¨ç¤ºã‚’ç¢ºèª ã‚¿ã‚¤ãƒˆãƒ«ãŒè¡¨ç¤ºã•ã‚Œã‚‹[0m
[31mrspec ./spec/system/header_spec.rb:74[0m [36m# ãƒ˜ãƒƒãƒ€ãƒ¼ã®ãƒ†ã‚¹ãƒˆ ãƒ­ã‚°ã‚¤ãƒ³ã—ã¦ã„ã‚‹å ´åˆ ãƒ˜ãƒƒãƒ€ãƒ¼ã®è¡¨ç¤ºã‚’ç¢ºèª ã‚¿ã‚¤ãƒˆãƒ«ãŒè¡¨ç¤ºã•ã‚Œã‚‹[0m
[31mrspec ./spec/system/header_spec.rb:81[0m [36m# ãƒ˜ãƒƒãƒ€ãƒ¼ã®ãƒ†ã‚¹ãƒˆ ãƒ­ã‚°ã‚¤ãƒ³ã—ã¦ã„ã‚‹å ´åˆ ãƒ˜ãƒƒãƒ€ãƒ¼ã®è¡¨ç¤ºã‚’ç¢ºèª Usersãƒªãƒ³ã‚¯ãŒè¡¨ç¤ºã•ã‚Œã‚‹[0m
[31mrspec ./spec/system/header_spec.rb:85[0m [36m# ãƒ˜ãƒƒãƒ€ãƒ¼ã®ãƒ†ã‚¹ãƒˆ ãƒ­ã‚°ã‚¤ãƒ³ã—ã¦ã„ã‚‹å ´åˆ ãƒ˜ãƒƒãƒ€ãƒ¼ã®è¡¨ç¤ºã‚’ç¢ºèª Booksãƒªãƒ³ã‚¯ãŒè¡¨ç¤ºã•ã‚Œã‚‹[0m
[31mrspec ./spec/system/header_spec.rb:89[0m [36m# ãƒ˜ãƒƒãƒ€ãƒ¼ã®ãƒ†ã‚¹ãƒˆ ãƒ­ã‚°ã‚¤ãƒ³ã—ã¦ã„ã‚‹å ´åˆ ãƒ˜ãƒƒãƒ€ãƒ¼ã®è¡¨ç¤ºã‚’ç¢ºèª logoutãƒªãƒ³ã‚¯ãŒè¡¨ç¤ºã•ã‚Œã‚‹[0m
[31mrspec ./spec/system/header_spec.rb:97[0m [36m# ãƒ˜ãƒƒãƒ€ãƒ¼ã®ãƒ†ã‚¹ãƒˆ ãƒ­ã‚°ã‚¤ãƒ³ã—ã¦ã„ã‚‹å ´åˆ ãƒ˜ãƒƒãƒ€ãƒ¼ã®ãƒªãƒ³ã‚¯ã‚’ç¢ºèª Homeç”»é¢ã«é·ç§»ã™ã‚‹[0m
[31mrspec ./spec/system/header_spec.rb:103[0m [36m# ãƒ˜ãƒƒãƒ€ãƒ¼ã®ãƒ†ã‚¹ãƒˆ ãƒ­ã‚°ã‚¤ãƒ³ã—ã¦ã„ã‚‹å ´åˆ ãƒ˜ãƒƒãƒ€ãƒ¼ã®ãƒªãƒ³ã‚¯ã‚’ç¢ºèª Usersç”»é¢ã«é·ç§»ã™ã‚‹[0m
[31mrspec ./spec/system/header_spec.rb:109[0m [36m# ãƒ˜ãƒƒãƒ€ãƒ¼ã®ãƒ†ã‚¹ãƒˆ ãƒ­ã‚°ã‚¤ãƒ³ã—ã¦ã„ã‚‹å ´åˆ ãƒ˜ãƒƒãƒ€ãƒ¼ã®ãƒªãƒ³ã‚¯ã‚’ç¢ºèª Booksç”»é¢ã«é·ç§»ã™ã‚‹[0m
[31mrspec ./spec/system/header_spec.rb:115[0m [36m# ãƒ˜ãƒƒãƒ€ãƒ¼ã®ãƒ†ã‚¹ãƒˆ ãƒ­ã‚°ã‚¤ãƒ³ã—ã¦ã„ã‚‹å ´åˆ ãƒ˜ãƒƒãƒ€ãƒ¼ã®ãƒªãƒ³ã‚¯ã‚’ç¢ºèª logoutã™ã‚‹[0m
[31mrspec ./spec/system/top_spec.rb:30[0m [36m# ãƒˆãƒƒãƒ—ãƒšãƒ¼ã‚¸ã®ãƒ†ã‚¹ãƒˆ ãƒœãƒ‡ã‚£éƒ¨åˆ†ã®ãƒ†ã‚¹ãƒˆ ãƒ­ã‚°ã‚¤ãƒ³ã—ã¦ã„ã‚‹å ´åˆã®æŒ™å‹•ã‚’ç¢ºèª Log inãƒªãƒ³ã‚¯ã‚’ã‚¯ãƒªãƒƒã‚¯ã—ãŸã‚‰ãƒ¦ãƒ¼ã‚¶ãƒ¼è©³ç´°ç”»é¢ã¸é·ç§»ã™ã‚‹[0m
[31mrspec ./spec/system/top_spec.rb:35[0m [36m# ãƒˆãƒƒãƒ—ãƒšãƒ¼ã‚¸ã®ãƒ†ã‚¹ãƒˆ ãƒœãƒ‡ã‚£éƒ¨åˆ†ã®ãƒ†ã‚¹ãƒˆ ãƒ­ã‚°ã‚¤ãƒ³ã—ã¦ã„ã‚‹å ´åˆã®æŒ™å‹•ã‚’ç¢ºèª Sign Upãƒªãƒ³ã‚¯ã‚’ã‚¯ãƒªãƒƒã‚¯ã—ãŸã‚‰ãƒ¦ãƒ¼ã‚¶ãƒ¼è©³ç´°ç”»é¢ã«é·ç§»ã™ã‚‹[0m
[31mrspec ./spec/system/users_spec.rb:9[0m [36m# ãƒ¦ãƒ¼ã‚¶ãƒ¼èªè¨¼ã®ãƒ†ã‚¹ãƒˆ ãƒ¦ãƒ¼ã‚¶ãƒ¼æ–°è¦ç™»éŒ² æ–°è¦ç™»éŒ²ç”»é¢ã«é·ç§» æ–°è¦ç™»éŒ²ã«æˆåŠŸã™ã‚‹[0m
[31mrspec ./spec/system/users_spec.rb:18[0m [36m# ãƒ¦ãƒ¼ã‚¶ãƒ¼èªè¨¼ã®ãƒ†ã‚¹ãƒˆ ãƒ¦ãƒ¼ã‚¶ãƒ¼æ–°è¦ç™»éŒ² æ–°è¦ç™»éŒ²ç”»é¢ã«é·ç§» æ–°è¦ç™»éŒ²ã«å¤±æ•—ã™ã‚‹[0m
[31mrspec ./spec/system/users_spec.rb:36[0m [36m# ãƒ¦ãƒ¼ã‚¶ãƒ¼èªè¨¼ã®ãƒ†ã‚¹ãƒˆ ãƒ¦ãƒ¼ã‚¶ãƒ¼ãƒ­ã‚°ã‚¤ãƒ³ ãƒ­ã‚°ã‚¤ãƒ³ç”»é¢ã«é·ç§» ãƒ­ã‚°ã‚¤ãƒ³ã«æˆåŠŸã™ã‚‹[0m
[31mrspec ./spec/system/users_spec.rb:67[0m [36m# ãƒ¦ãƒ¼ã‚¶ãƒ¼ã®ãƒ†ã‚¹ãƒˆ ã‚µã‚¤ãƒ‰ãƒãƒ¼ã®ãƒ†ã‚¹ãƒˆ è¡¨ç¤ºã®ç¢ºèª User infoã¨è¡¨ç¤ºã•ã‚Œã‚‹[0m
[31mrspec ./spec/system/users_spec.rb:70[0m [36m# ãƒ¦ãƒ¼ã‚¶ãƒ¼ã®ãƒ†ã‚¹ãƒˆ ã‚µã‚¤ãƒ‰ãƒãƒ¼ã®ãƒ†ã‚¹ãƒˆ è¡¨ç¤ºã®ç¢ºèª ç”»åƒãŒè¡¨ç¤ºã•ã‚Œã‚‹[0m
[31mrspec ./spec/system/users_spec.rb:73[0m [36m# ãƒ¦ãƒ¼ã‚¶ãƒ¼ã®ãƒ†ã‚¹ãƒˆ ã‚µã‚¤ãƒ‰ãƒãƒ¼ã®ãƒ†ã‚¹ãƒˆ è¡¨ç¤ºã®ç¢ºèª åå‰ãŒè¡¨ç¤ºã•ã‚Œã‚‹[0m
[31mrspec ./spec/system/users_spec.rb:76[0m [36m# ãƒ¦ãƒ¼ã‚¶ãƒ¼ã®ãƒ†ã‚¹ãƒˆ ã‚µã‚¤ãƒ‰ãƒãƒ¼ã®ãƒ†ã‚¹ãƒˆ è¡¨ç¤ºã®ç¢ºèª è‡ªå·±ç´¹ä»‹ãŒè¡¨ç¤ºã•ã‚Œã‚‹[0m
[31mrspec ./spec/system/users_spec.rb:79[0m [36m# ãƒ¦ãƒ¼ã‚¶ãƒ¼ã®ãƒ†ã‚¹ãƒˆ ã‚µã‚¤ãƒ‰ãƒãƒ¼ã®ãƒ†ã‚¹ãƒˆ è¡¨ç¤ºã®ç¢ºèª ç·¨é›†ãƒªãƒ³ã‚¯ãŒè¡¨ç¤ºã•ã‚Œã‚‹[0m
[31mrspec ./spec/system/users_spec.rb:88[0m [36m# ãƒ¦ãƒ¼ã‚¶ãƒ¼ã®ãƒ†ã‚¹ãƒˆ ç·¨é›†ã®ãƒ†ã‚¹ãƒˆ è‡ªåˆ†ã®ç·¨é›†ç”»é¢ã¸ã®é·ç§» é·ç§»ã§ãã‚‹[0m
[31mrspec ./spec/system/users_spec.rb:94[0m [36m# ãƒ¦ãƒ¼ã‚¶ãƒ¼ã®ãƒ†ã‚¹ãƒˆ ç·¨é›†ã®ãƒ†ã‚¹ãƒˆ ä»–äººã®ç·¨é›†ç”»é¢ã¸ã®é·ç§» é·ç§»ã§ããªã„[0m
[31mrspec ./spec/system/users_spec.rb:104[0m [36m# ãƒ¦ãƒ¼ã‚¶ãƒ¼ã®ãƒ†ã‚¹ãƒˆ ç·¨é›†ã®ãƒ†ã‚¹ãƒˆ è¡¨ç¤ºã®ç¢ºèª User infoã¨è¡¨ç¤ºã•ã‚Œã‚‹[0m
[31mrspec ./spec/system/users_spec.rb:107[0m [36m# ãƒ¦ãƒ¼ã‚¶ãƒ¼ã®ãƒ†ã‚¹ãƒˆ ç·¨é›†ã®ãƒ†ã‚¹ãƒˆ è¡¨ç¤ºã®ç¢ºèª åå‰ç·¨é›†ãƒ•ã‚©ãƒ¼ãƒ ã«è‡ªåˆ†ã®åå‰ãŒè¡¨ç¤ºã•ã‚Œã‚‹[0m
[31mrspec ./spec/system/users_spec.rb:110[0m [36m# ãƒ¦ãƒ¼ã‚¶ãƒ¼ã®ãƒ†ã‚¹ãƒˆ ç·¨é›†ã®ãƒ†ã‚¹ãƒˆ è¡¨ç¤ºã®ç¢ºèª ç”»åƒç·¨é›†ãƒ•ã‚©ãƒ¼ãƒ ãŒè¡¨ç¤ºã•ã‚Œã‚‹[0m
[31mrspec ./spec/system/users_spec.rb:113[0m [36m# ãƒ¦ãƒ¼ã‚¶ãƒ¼ã®ãƒ†ã‚¹ãƒˆ ç·¨é›†ã®ãƒ†ã‚¹ãƒˆ è¡¨ç¤ºã®ç¢ºèª è‡ªå·±ç´¹ä»‹ç·¨é›†ãƒ•ã‚©ãƒ¼ãƒ ã«è‡ªåˆ†ã®è‡ªå·±ç´¹ä»‹ãŒè¡¨ç¤ºã•ã‚Œã‚‹[0m
[31mrspec ./spec/system/users_spec.rb:116[0m [36m# ãƒ¦ãƒ¼ã‚¶ãƒ¼ã®ãƒ†ã‚¹ãƒˆ ç·¨é›†ã®ãƒ†ã‚¹ãƒˆ è¡¨ç¤ºã®ç¢ºèª ç·¨é›†ã«æˆåŠŸã™ã‚‹[0m
[31mrspec ./spec/system/users_spec.rb:121[0m [36m# ãƒ¦ãƒ¼ã‚¶ãƒ¼ã®ãƒ†ã‚¹ãƒˆ ç·¨é›†ã®ãƒ†ã‚¹ãƒˆ è¡¨ç¤ºã®ç¢ºèª ç·¨é›†ã«å¤±æ•—ã™ã‚‹[0m
[31mrspec ./spec/system/users_spec.rb:136[0m [36m# ãƒ¦ãƒ¼ã‚¶ãƒ¼ã®ãƒ†ã‚¹ãƒˆ ä¸€è¦§ç”»é¢ã®ãƒ†ã‚¹ãƒˆ è¡¨ç¤ºã®ç¢ºèª Usersã¨è¡¨ç¤ºã•ã‚Œã‚‹[0m
[31mrspec ./spec/system/users_spec.rb:139[0m [36m# ãƒ¦ãƒ¼ã‚¶ãƒ¼ã®ãƒ†ã‚¹ãƒˆ ä¸€è¦§ç”»é¢ã®ãƒ†ã‚¹ãƒˆ è¡¨ç¤ºã®ç¢ºèª è‡ªåˆ†ã¨ä»–ã®äººã®ç”»åƒãŒè¡¨ç¤ºã•ã‚Œã‚‹[0m
[31mrspec ./spec/system/users_spec.rb:142[0m [36m# ãƒ¦ãƒ¼ã‚¶ãƒ¼ã®ãƒ†ã‚¹ãƒˆ ä¸€è¦§ç”»é¢ã®ãƒ†ã‚¹ãƒˆ è¡¨ç¤ºã®ç¢ºèª è‡ªåˆ†ã¨ä»–ã®äººã®åå‰ãŒè¡¨ç¤ºã•ã‚Œã‚‹[0m
[31mrspec ./spec/system/users_spec.rb:146[0m [36m# ãƒ¦ãƒ¼ã‚¶ãƒ¼ã®ãƒ†ã‚¹ãƒˆ ä¸€è¦§ç”»é¢ã®ãƒ†ã‚¹ãƒˆ è¡¨ç¤ºã®ç¢ºèª showãƒªãƒ³ã‚¯ãŒè¡¨ç¤ºã•ã‚Œã‚‹[0m
[31mrspec ./spec/system/users_spec.rb:157[0m [36m# ãƒ¦ãƒ¼ã‚¶ãƒ¼ã®ãƒ†ã‚¹ãƒˆ è©³ç´°ç”»é¢ã®ãƒ†ã‚¹ãƒˆ è¡¨ç¤ºã®ç¢ºèª Booksã¨è¡¨ç¤ºã•ã‚Œã‚‹[0m
[31mrspec ./spec/system/users_spec.rb:160[0m [36m# ãƒ¦ãƒ¼ã‚¶ãƒ¼ã®ãƒ†ã‚¹ãƒˆ è©³ç´°ç”»é¢ã®ãƒ†ã‚¹ãƒˆ è¡¨ç¤ºã®ç¢ºèª æŠ•ç¨¿ä¸€è¦§ã®ãƒ¦ãƒ¼ã‚¶ãƒ¼ã®ç”»åƒã®ãƒªãƒ³ã‚¯å…ˆãŒæ­£ã—ã„[0m
[31mrspec ./spec/system/users_spec.rb:163[0m [36m# ãƒ¦ãƒ¼ã‚¶ãƒ¼ã®ãƒ†ã‚¹ãƒˆ è©³ç´°ç”»é¢ã®ãƒ†ã‚¹ãƒˆ è¡¨ç¤ºã®ç¢ºèª æŠ•ç¨¿ä¸€è¦§ã®titleã®ãƒªãƒ³ã‚¯å…ˆãŒæ­£ã—ã„[0m
[31mrspec ./spec/system/users_spec.rb:166[0m [36m# ãƒ¦ãƒ¼ã‚¶ãƒ¼ã®ãƒ†ã‚¹ãƒˆ è©³ç´°ç”»é¢ã®ãƒ†ã‚¹ãƒˆ è¡¨ç¤ºã®ç¢ºèª æŠ•ç¨¿ä¸€è¦§ã«opinionãŒè¡¨ç¤ºã•ã‚Œã‚‹[0m

